0 verbose cli /usr/bin/node /usr/bin/npm
1 info using npm@10.8.2
2 info using node@v20.20.2
3 silly config load:file:/usr/lib/node_modules/npm/npmrc
4 silly config load:file:/data/projects/13f06e1d-690a-4876-96e6-ef7eca9c296e/.npmrc
5 silly config load:file:/usr/etc/npmrc
6 verbose title npm install
7 verbose argv "install"
8 verbose logfile logs-max:10 dir:/data/projects/13f06e1d-690a-4876-96e6-ef7eca9c296e/.npm/_logs/2026-04-14T20_47_29_061Z-
9 verbose logfile /data/projects/13f06e1d-690a-4876-96e6-ef7eca9c296e/.npm/_logs/2026-04-14T20_47_29_061Z-debug-0.log
10 silly packumentCache heap:2197815296 maxSize:549453824 maxEntrySize:274726912
11 silly logfile start cleaning logs, removing 1 files
12 silly logfile done cleaning log files
13 silly idealTree buildDeps
14 warn EBADENGINE Unsupported engine {
14 warn EBADENGINE   package: '@prisma/streams-local@0.1.2',
14 warn EBADENGINE   required: { bun: '>=1.3.6', node: '>=22.0.0' },
14 warn EBADENGINE   current: { node: 'v20.20.2', npm: '10.8.2' }
14 warn EBADENGINE }
15 silly reify moves {}
16 silly audit bulk request {
16 silly audit   '@alloc/quick-lru': [ '5.2.0' ],
16 silly audit   '@auth/core': [ '0.34.3', '0.41.2' ],
16 silly audit   cookie: [ '0.6.0', '0.7.2' ],
16 silly audit   jose: [ '5.10.0', '6.2.2', '4.15.9' ],
16 silly audit   preact: [ '10.11.3', '10.24.3' ],
16 silly audit   'preact-render-to-string': [ '5.2.3', '6.5.11', '5.2.6' ],
16 silly audit   '@auth/prisma-adapter': [ '2.11.2' ],
16 silly audit   oauth4webapi: [ '3.8.5', '2.17.0' ],
16 silly audit   '@babel/runtime': [ '7.29.2' ],
16 silly audit   '@electric-sql/pglite': [ '0.4.1' ],
16 silly audit   '@electric-sql/pglite-socket': [ '0.1.1' ],
16 silly audit   '@electric-sql/pglite-tools': [ '0.3.1' ],
16 silly audit   '@emnapi/runtime': [ '1.9.2' ],
16 silly audit   '@hono/node-server': [ '1.19.11' ],
16 silly audit   '@img/colour': [ '1.1.0' ],
16 silly audit   '@img/sharp-darwin-arm64': [ '0.34.5' ],
16 silly audit   '@img/sharp-darwin-x64': [ '0.34.5' ],
16 silly audit   '@img/sharp-libvips-darwin-arm64': [ '1.2.4' ],
16 silly audit   '@img/sharp-libvips-darwin-x64': [ '1.2.4' ],
16 silly audit   '@img/sharp-libvips-linux-arm': [ '1.2.4' ],
16 silly audit   '@img/sharp-libvips-linux-arm64': [ '1.2.4' ],
16 silly audit   '@img/sharp-libvips-linux-ppc64': [ '1.2.4' ],
16 silly audit   '@img/sharp-libvips-linux-riscv64': [ '1.2.4' ],
16 silly audit   '@img/sharp-libvips-linux-s390x': [ '1.2.4' ],
16 silly audit   '@img/sharp-libvips-linux-x64': [ '1.2.4' ],
16 silly audit   '@img/sharp-libvips-linuxmusl-arm64': [ '1.2.4' ],
16 silly audit   '@img/sharp-libvips-linuxmusl-x64': [ '1.2.4' ],
16 silly audit   '@img/sharp-linux-arm': [ '0.34.5' ],
16 silly audit   '@img/sharp-linux-arm64': [ '0.34.5' ],
16 silly audit   '@img/sharp-linux-ppc64': [ '0.34.5' ],
16 silly audit   '@img/sharp-linux-riscv64': [ '0.34.5' ],
16 silly audit   '@img/sharp-linux-s390x': [ '0.34.5' ],
16 silly audit   '@img/sharp-linux-x64': [ '0.34.5' ],
16 silly audit   '@img/sharp-linuxmusl-arm64': [ '0.34.5' ],
16 silly audit   '@img/sharp-linuxmusl-x64': [ '0.34.5' ],
16 silly audit   '@img/sharp-wasm32': [ '0.34.5' ],
16 silly audit   '@img/sharp-win32-arm64': [ '0.34.5' ],
16 silly audit   '@img/sharp-win32-ia32': [ '0.34.5' ],
16 silly audit   '@img/sharp-win32-x64': [ '0.34.5' ],
16 silly audit   '@jridgewell/gen-mapping': [ '0.3.13' ],
16 silly audit   '@jridgewell/resolve-uri': [ '3.1.2' ],
16 silly audit   '@jridgewell/sourcemap-codec': [ '1.5.5' ],
16 silly audit   '@jridgewell/trace-mapping': [ '0.3.31' ],
16 silly audit   '@kurkle/color': [ '0.3.4' ],
16 silly audit   '@next/env': [ '15.5.15' ],
16 silly audit   '@next/swc-darwin-arm64': [ '15.5.15' ],
16 silly audit   '@next/swc-darwin-x64': [ '15.5.15' ],
16 silly audit   '@next/swc-linux-arm64-gnu': [ '15.5.15' ],
16 silly audit   '@next/swc-linux-arm64-musl': [ '15.5.15' ],
16 silly audit   '@next/swc-linux-x64-gnu': [ '15.5.15' ],
16 silly audit   '@next/swc-linux-x64-musl': [ '15.5.15' ],
16 silly audit   '@next/swc-win32-arm64-msvc': [ '15.5.15' ],
16 silly audit   '@next/swc-win32-x64-msvc': [ '15.5.15' ],
16 silly audit   '@nodelib/fs.scandir': [ '2.1.5' ],
16 silly audit   '@nodelib/fs.stat': [ '2.0.5' ],
16 silly audit   '@nodelib/fs.walk': [ '1.2.8' ],
16 silly audit   '@panva/hkdf': [ '1.2.1' ],
16 silly audit   '@prisma/client': [ '7.7.0' ],
16 silly audit   '@prisma/client-runtime-utils': [ '7.7.0' ],
16 silly audit   '@prisma/config': [ '7.7.0' ],
16 silly audit   '@prisma/debug': [ '7.7.0', '7.2.0' ],
16 silly audit   '@prisma/dev': [ '0.24.3' ],
16 silly audit   '@prisma/engines': [ '7.7.0' ],
16 silly audit   '@prisma/engines-version': [ '7.6.0-1.75cbdc1eb7150937890ad5465d861175c6624711' ],
16 silly audit   '@prisma/get-platform': [ '7.7.0', '7.2.0' ],
16 silly audit   '@prisma/fetch-engine': [ '7.7.0' ],
16 silly audit   '@prisma/query-plan-executor': [ '7.2.0' ],
16 silly audit   '@prisma/streams-local': [ '0.1.2' ],
16 silly audit   '@prisma/studio-core': [ '0.27.3' ],
16 silly audit   '@radix-ui/primitive': [ '1.1.3' ],
16 silly audit   '@radix-ui/react-compose-refs': [ '1.1.2' ],
16 silly audit   '@radix-ui/react-primitive': [ '2.1.3' ],
16 silly audit   '@radix-ui/react-slot': [ '1.2.3' ],
16 silly audit   '@radix-ui/react-toggle': [ '1.1.10' ],
16 silly audit   '@radix-ui/react-use-controllable-state': [ '1.2.2' ],
16 silly audit   '@radix-ui/react-use-effect-event': [ '0.0.2' ],
16 silly audit   '@radix-ui/react-use-layout-effect': [ '1.1.1' ],
16 silly audit   '@standard-schema/spec': [ '1.1.0' ],
16 silly audit   '@swc/helpers': [ '0.5.15' ],
16 silly audit   '@types/bcryptjs': [ '2.4.6' ],
16 silly audit   '@types/cookie': [ '0.6.0' ],
16 silly audit   '@types/node': [ '22.19.17' ],
16 silly audit   '@types/react': [ '19.2.14' ],
16 silly audit   ajv: [ '8.18.0' ],
16 silly audit   'any-promise': [ '1.3.0' ],
16 silly audit   anymatch: [ '3.1.3' ],
16 silly audit   arg: [ '5.0.2' ],
16 silly audit   autoprefixer: [ '10.5.0' ],
16 silly audit   'aws-ssl-profiles': [ '1.1.2' ],
16 silly audit   'baseline-browser-mapping': [ '2.10.19' ],
16 silly audit   bcryptjs: [ '3.0.3' ],
16 silly audit   'better-result': [ '2.8.2' ],
16 silly audit   'binary-extensions': [ '2.3.0' ],
16 silly audit   braces: [ '3.0.3' ],
16 silly audit   browserslist: [ '4.28.2' ],
16 silly audit   c12: [ '3.1.0' ],
16 silly audit   chokidar: [ '4.0.3', '3.6.0' ],
16 silly audit   jiti: [ '2.6.1', '1.21.7' ],
16 silly audit   readdirp: [ '4.1.2', '3.6.0' ],
16 silly audit   'camelcase-css': [ '2.0.1' ],
16 silly audit   'caniuse-lite': [ '1.0.30001788' ],
16 silly audit   'chart.js': [ '4.5.1' ],
16 silly audit   'glob-parent': [ '5.1.2', '6.0.2' ],
16 silly audit   citty: [ '0.1.6', '0.2.2' ],
16 silly audit   'client-only': [ '0.0.1' ],
16 silly audit   clsx: [ '2.1.1' ],
16 silly audit   commander: [ '4.1.1' ],
16 silly audit   confbox: [ '0.2.4' ],
16 silly audit   consola: [ '3.4.2' ],
16 silly audit   'cross-spawn': [ '7.0.6' ],
16 silly audit   cssesc: [ '3.0.0' ],
16 silly audit   csstype: [ '3.2.3' ],
16 silly audit   'deepmerge-ts': [ '7.1.5' ],
16 silly audit   defu: [ '6.1.7' ],
16 silly audit   denque: [ '2.1.0' ],
16 silly audit   destr: [ '2.0.5' ],
16 silly audit   'detect-libc': [ '2.1.2' ],
16 silly audit   didyoumean: [ '1.2.2' ],
16 silly audit   dlv: [ '1.1.3' ],
16 silly audit   dotenv: [ '16.6.1' ],
16 silly audit   effect: [ '3.20.0' ],
16 silly audit   'electron-to-chromium': [ '1.5.336' ],
16 silly audit   empathic: [ '2.0.0' ],
16 silly audit   'env-paths': [ '3.0.0' ],
16 silly audit   'es-errors': [ '1.3.0' ],
16 silly audit   escalade: [ '3.2.0' ],
16 silly audit   exsolve: [ '1.0.8' ],
16 silly audit   'fast-check': [ '3.23.2' ],
16 silly audit   'fast-deep-equal': [ '3.1.3' ],
16 silly audit   'fast-glob': [ '3.3.3' ],
16 silly audit   'fast-uri': [ '3.1.0' ],
16 silly audit   fastq: [ '1.20.1' ],
16 silly audit   'fill-range': [ '7.1.1' ],
16 silly audit   'foreground-child': [ '3.3.1' ],
16 silly audit   'fraction.js': [ '5.3.4' ],
16 silly audit   fsevents: [ '2.3.3' ],
16 silly audit   'function-bind': [ '1.1.2' ],
16 silly audit   'generate-function': [ '2.3.1' ],
16 silly audit   'get-port-please': [ '3.2.0' ],
16 silly audit   giget: [ '2.0.0' ],
16 silly audit   'graceful-fs': [ '4.2.11' ],
16 silly audit   grammex: [ '3.1.12' ],
16 silly audit   graphmatch: [ '1.1.1' ],
16 silly audit   hasown: [ '2.0.2' ],
16 silly audit   hono: [ '4.12.12' ],
16 silly audit   'http-status-codes': [ '2.3.0' ],
16 silly audit   'iconv-lite': [ '0.7.2' ],
16 silly audit   'is-binary-path': [ '2.1.0' ],
16 silly audit   'is-core-module': [ '2.16.1' ],
16 silly audit   'is-extglob': [ '2.1.1' ],
16 silly audit   'is-glob': [ '4.0.3' ],
16 silly audit   'is-number': [ '7.0.0' ],
16 silly audit   'is-property': [ '1.0.2' ],
16 silly audit   isexe: [ '2.0.0' ],
16 silly audit   'json-schema-traverse': [ '1.0.0' ],
16 silly audit   lilconfig: [ '3.1.3' ],
16 silly audit   'lines-and-columns': [ '1.2.4' ],
16 silly audit   long: [ '5.3.2' ],
16 silly audit   'lru-cache': [ '6.0.0' ],
16 silly audit   'lru.min': [ '1.1.4' ],
16 silly audit   'lucide-react': [ '0.468.0' ],
16 silly audit   merge2: [ '1.4.1' ],
16 silly audit   micromatch: [ '4.0.8' ],
16 silly audit   mysql2: [ '3.15.3' ],
16 silly audit   mz: [ '2.7.0' ],
16 silly audit   'named-placeholders': [ '1.1.6' ],
16 silly audit   nanoid: [ '3.3.11' ],
16 silly audit   next: [ '15.5.15' ],
16 silly audit   'next-auth': [ '4.24.13' ],
16 silly audit   postcss: [ '8.4.31', '8.5.9' ],
16 silly audit   'node-fetch-native': [ '1.6.7' ],
16 silly audit   'node-releases': [ '2.0.37' ],
16 silly audit   'normalize-path': [ '3.0.0' ],
16 silly audit   nypm: [ '0.6.5' ],
16 silly audit   oauth: [ '0.9.15' ],
16 silly audit   'object-assign': [ '4.1.1' ],
16 silly audit   'object-hash': [ '3.0.0', '2.2.0' ],
16 silly audit   ohash: [ '2.0.11' ],
16 silly audit   'oidc-token-hash': [ '5.2.0' ],
16 silly audit   'openid-client': [ '5.7.1' ],
16 silly audit   'path-key': [ '3.1.1' ],
16 silly audit   'path-parse': [ '1.0.7' ],
16 silly audit   pathe: [ '2.0.3' ],
16 silly audit   'perfect-debounce': [ '1.0.0' ],
16 silly audit   picocolors: [ '1.1.1' ],
16 silly audit   picomatch: [ '2.3.2', '4.0.4' ],
16 silly audit   pify: [ '2.3.0' ],
16 silly audit   pirates: [ '4.0.7' ],
16 silly audit   'pkg-types': [ '2.3.0' ],
16 silly audit   'postcss-import': [ '15.1.0' ],
16 silly audit   'postcss-js': [ '4.1.0' ],
16 silly audit   'postcss-load-config': [ '6.0.1' ],
16 silly audit   'postcss-nested': [ '6.2.0' ],
16 silly audit   'postcss-selector-parser': [ '6.1.2' ],
16 silly audit   'postcss-value-parser': [ '4.2.0' ],
16 silly audit   postgres: [ '3.4.7' ],
16 silly audit   'pretty-format': [ '3.8.0' ],
16 silly audit   prisma: [ '7.7.0' ],
16 silly audit   'proper-lockfile': [ '4.1.2' ],
16 silly audit   'signal-exit': [ '3.0.7', '4.1.0' ],
16 silly audit   'pure-rand': [ '6.1.0' ],
16 silly audit   'queue-microtask': [ '1.2.3' ],
16 silly audit   rc9: [ '2.1.2' ],
16 silly audit   react: [ '19.2.5' ],
16 silly audit   'react-dom': [ '19.2.5' ],
16 silly audit   'read-cache': [ '1.0.0' ],
16 silly audit   remeda: [ '2.33.4' ],
16 silly audit   'require-from-string': [ '2.0.2' ],
16 silly audit   resolve: [ '1.22.12' ],
16 silly audit   retry: [ '0.12.0' ],
16 silly audit   reusify: [ '1.1.0' ],
16 silly audit   'run-parallel': [ '1.2.0' ],
16 silly audit   'safer-buffer': [ '2.1.2' ],
16 silly audit   scheduler: [ '0.27.0' ],
16 silly audit   semver: [ '7.7.4' ],
16 silly audit   'seq-queue': [ '0.0.5' ],
16 silly audit   sharp: [ '0.34.5' ],
16 silly audit   'shebang-command': [ '2.0.0' ],
16 silly audit   'shebang-regex': [ '3.0.0' ],
16 silly audit   'source-map-js': [ '1.2.1' ],
16 silly audit   sqlstring: [ '2.3.3' ],
16 silly audit   'std-env': [ '3.10.0' ],
16 silly audit   'styled-jsx': [ '5.1.6' ],
16 silly audit   sucrase: [ '3.35.1' ],
16 silly audit   'supports-preserve-symlinks-flag': [ '1.0.0' ],
16 silly audit   tailwindcss: [ '3.4.19' ],
16 silly audit   thenify: [ '3.3.1' ],
16 silly audit   'thenify-all': [ '1.6.0' ],
16 silly audit   tinyexec: [ '1.1.1' ],
16 silly audit   tinyglobby: [ '0.2.16' ],
16 silly audit   fdir: [ '6.5.0' ],
16 silly audit   'to-regex-range': [ '5.0.1' ],
16 silly audit   'ts-interface-checker': [ '0.1.13' ],
16 silly audit   tslib: [ '2.8.1' ],
16 silly audit   typescript: [ '5.9.3' ],
16 silly audit   'undici-types': [ '6.21.0' ],
16 silly audit   'update-browserslist-db': [ '1.2.3' ],
16 silly audit   'util-deprecate': [ '1.0.2' ],
16 silly audit   uuid: [ '8.3.2' ],
16 silly audit   valibot: [ '1.2.0' ],
16 silly audit   which: [ '2.0.2' ],
16 silly audit   yallist: [ '4.0.0' ],
16 silly audit   zeptomatch: [ '2.1.0' ]
16 silly audit }
17 verbose reify failed optional dependency /data/projects/13f06e1d-690a-4876-96e6-ef7eca9c296e/node_modules/fsevents
18 silly reify mark deleted [
18 silly reify   '/data/projects/13f06e1d-690a-4876-96e6-ef7eca9c296e/node_modules/fsevents'
18 silly reify ]
19 verbose reify failed optional dependency /data/projects/13f06e1d-690a-4876-96e6-ef7eca9c296e/node_modules/@next/swc-win32-x64-msvc
20 silly reify mark deleted [
20 silly reify   '/data/projects/13f06e1d-690a-4876-96e6-ef7eca9c296e/node_modules/@next/swc-win32-x64-msvc'
20 silly reify ]
21 verbose reify failed optional dependency /data/projects/13f06e1d-690a-4876-96e6-ef7eca9c296e/node_modules/@next/swc-win32-arm64-msvc
22 silly reify mark deleted [
22 silly reify   '/data/projects/13f06e1d-690a-4876-96e6-ef7eca9c296e/node_modules/@next/swc-win32-arm64-msvc'
22 silly reify ]
23 verbose reify failed optional dependency /data/projects/13f06e1d-690a-4876-96e6-ef7eca9c296e/node_modules/@next/swc-linux-arm64-musl
24 silly reify mark deleted [
24 silly reify   '/data/projects/13f06e1d-690a-4876-96e6-ef7eca9c296e/node_modules/@next/swc-linux-arm64-musl'
24 silly reify ]
25 verbose reify failed optional dependency /data/projects/13f06e1d-690a-4876-96e6-ef7eca9c296e/node_modules/@next/swc-linux-arm64-gnu
26 silly reify mark deleted [
26 silly reify   '/data/projects/13f06e1d-690a-4876-96e6-ef7eca9c296e/node_modules/@next/swc-linux-arm64-gnu'
26 silly reify ]
27 verbose reify failed optional dependency /data/projects/13f06e1d-690a-4876-96e6-ef7eca9c296e/node_modules/@next/swc-darwin-x64
28 silly reify mark deleted [
28 silly reify   '/data/projects/13f06e1d-690a-4876-96e6-ef7eca9c296e/node_modules/@next/swc-darwin-x64'
28 silly reify ]
29 verbose reify failed optional dependency /data/projects/13f06e1d-690a-4876-96e6-ef7eca9c296e/node_modules/@next/swc-darwin-arm64
30 silly reify mark deleted [
30 silly reify   '/data/projects/13f06e1d-690a-4876-96e6-ef7eca9c296e/node_modules/@next/swc-darwin-arm64'
30 silly reify ]
31 verbose reify failed optional dependency /data/projects/13f06e1d-690a-4876-96e6-ef7eca9c296e/node_modules/@img/sharp-win32-x64
32 silly reify mark deleted [
32 silly reify   '/data/projects/13f06e1d-690a-4876-96e6-ef7eca9c296e/node_modules/@img/sharp-win32-x64'
32 silly reify ]
33 verbose reify failed optional dependency /data/projects/13f06e1d-690a-4876-96e6-ef7eca9c296e/node_modules/@img/sharp-win32-ia32
34 silly reify mark deleted [
34 silly reify   '/data/projects/13f06e1d-690a-4876-96e6-ef7eca9c296e/node_modules/@img/sharp-win32-ia32'
34 silly reify ]
35 verbose reify failed optional dependency /data/projects/13f06e1d-690a-4876-96e6-ef7eca9c296e/node_modules/@img/sharp-win32-arm64
36 silly reify mark deleted [
36 silly reify   '/data/projects/13f06e1d-690a-4876-96e6-ef7eca9c296e/node_modules/@img/sharp-win32-arm64'
36 silly reify ]
37 verbose reify failed optional dependency /data/projects/13f06e1d-690a-4876-96e6-ef7eca9c296e/node_modules/@img/sharp-wasm32
38 silly reify mark deleted [
38 silly reify   '/data/projects/13f06e1d-690a-4876-96e6-ef7eca9c296e/node_modules/@img/sharp-wasm32'
38 silly reify ]
39 verbose reify failed optional dependency /data/projects/13f06e1d-690a-4876-96e6-ef7eca9c296e/node_modules/@emnapi/runtime
40 silly reify mark deleted [
40 silly reify   '/data/projects/13f06e1d-690a-4876-96e6-ef7eca9c296e/node_modules/@emnapi/runtime'
40 silly reify ]
41 verbose reify failed optional dependency /data/projects/13f06e1d-690a-4876-96e6-ef7eca9c296e/node_modules/@img/sharp-linuxmusl-arm64
42 silly reify mark deleted [
42 silly reify   '/data/projects/13f06e1d-690a-4876-96e6-ef7eca9c296e/node_modules/@img/sharp-linuxmusl-arm64'
42 silly reify ]
43 verbose reify failed optional dependency /data/projects/13f06e1d-690a-4876-96e6-ef7eca9c296e/node_modules/@img/sharp-linux-s390x
44 silly reify mark deleted [
44 silly reify   '/data/projects/13f06e1d-690a-4876-96e6-ef7eca9c296e/node_modules/@img/sharp-linux-s390x'
44 silly reify ]
45 verbose reify failed optional dependency /data/projects/13f06e1d-690a-4876-96e6-ef7eca9c296e/node_modules/@img/sharp-linux-riscv64
46 silly reify mark deleted [
46 silly reify   '/data/projects/13f06e1d-690a-4876-96e6-ef7eca9c296e/node_modules/@img/sharp-linux-riscv64'
46 silly reify ]
47 verbose reify failed optional dependency /data/projects/13f06e1d-690a-4876-96e6-ef7eca9c296e/node_modules/@img/sharp-linux-ppc64
48 silly reify mark deleted [
48 silly reify   '/data/projects/13f06e1d-690a-4876-96e6-ef7eca9c296e/node_modules/@img/sharp-linux-ppc64'
48 silly reify ]
49 verbose reify failed optional dependency /data/projects/13f06e1d-690a-4876-96e6-ef7eca9c296e/node_modules/@img/sharp-linux-arm64
50 silly reify mark deleted [
50 silly reify   '/data/projects/13f06e1d-690a-4876-96e6-ef7eca9c296e/node_modules/@img/sharp-linux-arm64'
50 silly reify ]
51 verbose reify failed optional dependency /data/projects/13f06e1d-690a-4876-96e6-ef7eca9c296e/node_modules/@img/sharp-linux-arm
52 silly reify mark deleted [
52 silly reify   '/data/projects/13f06e1d-690a-4876-96e6-ef7eca9c296e/node_modules/@img/sharp-linux-arm'
52 silly reify ]
53 verbose reify failed optional dependency /data/projects/13f06e1d-690a-4876-96e6-ef7eca9c296e/node_modules/@img/sharp-libvips-linuxmusl-arm64
54 silly reify mark deleted [
54 silly reify   '/data/projects/13f06e1d-690a-4876-96e6-ef7eca9c296e/node_modules/@img/sharp-libvips-linuxmusl-arm64'
54 silly reify ]
55 verbose reify failed optional dependency /data/projects/13f06e1d-690a-4876-96e6-ef7eca9c296e/node_modules/@img/sharp-libvips-linux-s390x
56 silly reify mark deleted [
56 silly reify   '/data/projects/13f06e1d-690a-4876-96e6-ef7eca9c296e/node_modules/@img/sharp-libvips-linux-s390x'
56 silly reify ]
57 verbose reify failed optional dependency /data/projects/13f06e1d-690a-4876-96e6-ef7eca9c296e/node_modules/@img/sharp-libvips-linux-riscv64
58 silly reify mark deleted [
58 silly reify   '/data/projects/13f06e1d-690a-4876-96e6-ef7eca9c296e/node_modules/@img/sharp-libvips-linux-riscv64'
58 silly reify ]
59 verbose reify failed optional dependency /data/projects/13f06e1d-690a-4876-96e6-ef7eca9c296e/node_modules/@img/sharp-libvips-linux-ppc64
60 silly reify mark deleted [
60 silly reify   '/data/projects/13f06e1d-690a-4876-96e6-ef7eca9c296e/node_modules/@img/sharp-libvips-linux-ppc64'
60 silly reify ]
61 verbose reify failed optional dependency /data/projects/13f06e1d-690a-4876-96e6-ef7eca9c296e/node_modules/@img/sharp-libvips-linux-arm64
62 silly reify mark deleted [
62 silly reify   '/data/projects/13f06e1d-690a-4876-96e6-ef7eca9c296e/node_modules/@img/sharp-libvips-linux-arm64'
62 silly reify ]
63 verbose reify failed optional dependency /data/projects/13f06e1d-690a-4876-96e6-ef7eca9c296e/node_modules/@img/sharp-libvips-linux-arm
64 silly reify mark deleted [
64 silly reify   '/data/projects/13f06e1d-690a-4876-96e6-ef7eca9c296e/node_modules/@img/sharp-libvips-linux-arm'
64 silly reify ]
65 verbose reify failed optional dependency /data/projects/13f06e1d-690a-4876-96e6-ef7eca9c296e/node_modules/@img/sharp-libvips-darwin-x64
66 silly reify mark deleted [
66 silly reify   '/data/projects/13f06e1d-690a-4876-96e6-ef7eca9c296e/node_modules/@img/sharp-libvips-darwin-x64'
66 silly reify ]
67 verbose reify failed optional dependency /data/projects/13f06e1d-690a-4876-96e6-ef7eca9c296e/node_modules/@img/sharp-libvips-darwin-arm64
68 silly reify mark deleted [
68 silly reify   '/data/projects/13f06e1d-690a-4876-96e6-ef7eca9c296e/node_modules/@img/sharp-libvips-darwin-arm64'
68 silly reify ]
69 verbose reify failed optional dependency /data/projects/13f06e1d-690a-4876-96e6-ef7eca9c296e/node_modules/@img/sharp-darwin-x64
70 silly reify mark deleted [
70 silly reify   '/data/projects/13f06e1d-690a-4876-96e6-ef7eca9c296e/node_modules/@img/sharp-darwin-x64'
70 silly reify ]
71 verbose reify failed optional dependency /data/projects/13f06e1d-690a-4876-96e6-ef7eca9c296e/node_modules/@img/sharp-darwin-arm64
72 silly reify mark deleted [
72 silly reify   '/data/projects/13f06e1d-690a-4876-96e6-ef7eca9c296e/node_modules/@img/sharp-darwin-arm64'
72 silly reify ]
73 http fetch POST 200 https://registry.npmjs.org/-/npm/v1/security/advisories/bulk 541ms
74 silly audit report {
74 silly audit report   cookie: [
74 silly audit report     {
74 silly audit report       id: 1103907,
74 silly audit report       url: 'https://github.com/advisories/GHSA-pxg6-pf52-xh8x',
74 silly audit report       title: 'cookie accepts cookie name, path, and domain with out of bounds characters',
74 silly audit report       severity: 'low',
74 silly audit report       vulnerable_versions: '<0.7.0',
74 silly audit report       cwe: [Array],
74 silly audit report       cvss: [Object]
74 silly audit report     }
74 silly audit report   ],
74 silly audit report   '@hono/node-server': [
74 silly audit report     {
74 silly audit report       id: 1116281,
74 silly audit report       url: 'https://github.com/advisories/GHSA-92pp-h63x-v22m',
74 silly audit report       title: '@hono/node-server: Middleware bypass via repeated slashes in serveStatic',
74 silly audit report       severity: 'moderate',
74 silly audit report       vulnerable_versions: '<1.19.13',
74 silly audit report       cwe: [Array],
74 silly audit report       cvss: [Object]
74 silly audit report     }
74 silly audit report   ]
74 silly audit report }
75 silly packumentCache corgi:https://registry.npmjs.org/cookie cache-miss
76 silly packumentCache corgi:https://registry.npmjs.org/@hono%2fnode-server cache-miss
77 http fetch GET 200 https://registry.npmjs.org/cookie 162ms (cache revalidated)
78 silly packumentCache corgi:https://registry.npmjs.org/cookie set size:23677 disposed:false
79 http fetch GET 200 https://registry.npmjs.org/@hono%2fnode-server 243ms (cache revalidated)
80 silly packumentCache corgi:https://registry.npmjs.org/@hono%2fnode-server set size:85395 disposed:false
81 silly packumentCache corgi:https://registry.npmjs.org/@auth%2fcore cache-miss
82 http fetch GET 200 https://registry.npmjs.org/@auth%2fcore 250ms (cache revalidated)
83 silly packumentCache corgi:https://registry.npmjs.org/@auth%2fcore set size:153120 disposed:false
84 silly packumentCache corgi:https://registry.npmjs.org/@prisma%2fdev cache-miss
85 http fetch GET 200 https://registry.npmjs.org/@prisma%2fdev 79ms (cache revalidated)
86 silly packumentCache corgi:https://registry.npmjs.org/@prisma%2fdev set size:959256 disposed:false
87 silly packumentCache corgi:https://registry.npmjs.org/next-auth cache-miss
88 http fetch GET 200 https://registry.npmjs.org/next-auth 1452ms (cache updated)
89 silly packumentCache corgi:https://registry.npmjs.org/next-auth set size:undefined disposed:false
90 silly packumentCache corgi:https://registry.npmjs.org/prisma cache-miss
91 http fetch GET 200 https://registry.npmjs.org/prisma 215ms (cache revalidated)
92 silly packumentCache corgi:https://registry.npmjs.org/prisma set size:22782867 disposed:false
93 silly packumentCache corgi:https://registry.npmjs.org/@prisma%2fclient cache-miss
94 http fetch GET 200 https://registry.npmjs.org/@prisma%2fclient 366ms (cache revalidated)
95 silly packumentCache corgi:https://registry.npmjs.org/@prisma%2fclient set size:37761997 disposed:false
96 silly ADD
97 silly ADD
98 silly ADD
99 silly ADD
100 silly ADD
101 silly ADD
102 silly ADD
103 silly ADD
104 silly ADD
105 silly ADD
106 silly ADD
107 silly ADD
108 silly ADD
109 silly ADD
110 silly ADD
111 silly ADD
112 silly ADD
113 silly ADD
114 silly ADD
115 silly ADD
116 silly ADD
117 silly ADD
118 silly ADD
119 silly ADD
120 silly ADD
121 silly ADD
122 silly ADD
123 silly ADD
124 verbose cwd /data/projects/13f06e1d-690a-4876-96e6-ef7eca9c296e
125 verbose os Linux 6.6.87.2-microsoft-standard-WSL2
126 verbose node v20.20.2
127 verbose npm  v10.8.2
128 verbose exit 0
129 info ok
