0 verbose cli /usr/bin/node /usr/bin/npm
1 info using npm@10.8.2
2 info using node@v20.20.2
3 silly config load:file:/usr/lib/node_modules/npm/npmrc
4 silly config load:file:/data/projects/13f06e1d-690a-4876-96e6-ef7eca9c296e/.npmrc
5 silly config load:file:/usr/etc/npmrc
6 verbose title npm install next-auth
7 verbose argv "install" "next-auth"
8 verbose logfile logs-max:10 dir:/data/projects/13f06e1d-690a-4876-96e6-ef7eca9c296e/.npm/_logs/2026-04-14T20_43_04_957Z-
9 verbose logfile /data/projects/13f06e1d-690a-4876-96e6-ef7eca9c296e/.npm/_logs/2026-04-14T20_43_04_957Z-debug-0.log
10 silly packumentCache heap:2197815296 maxSize:549453824 maxEntrySize:274726912
11 silly logfile done cleaning log files
12 silly idealTree buildDeps
13 silly fetch manifest next-auth@^4.24.13
14 silly packumentCache full:https://registry.npmjs.org/next-auth cache-miss
15 http fetch GET 200 https://registry.npmjs.org/next-auth 244ms (cache hit)
16 silly packumentCache full:https://registry.npmjs.org/next-auth set size:3623470 disposed:false
17 silly fetch manifest @auth/core@0.34.3
18 silly packumentCache full:https://registry.npmjs.org/@auth%2fcore cache-miss
19 http fetch GET 200 https://registry.npmjs.org/@auth%2fcore 22ms (cache hit)
20 silly packumentCache full:https://registry.npmjs.org/@auth%2fcore set size:378686 disposed:false
21 silly fetch manifest @simplewebauthn/browser@^9.0.1
22 silly packumentCache full:https://registry.npmjs.org/@simplewebauthn%2fbrowser cache-miss
23 http fetch GET 200 https://registry.npmjs.org/@simplewebauthn%2fbrowser 15ms (cache hit)
24 silly packumentCache full:https://registry.npmjs.org/@simplewebauthn%2fbrowser set size:179609 disposed:false
25 silly fetch manifest @simplewebauthn/server@^9.0.2
26 silly packumentCache full:https://registry.npmjs.org/@simplewebauthn%2fserver cache-miss
27 http fetch GET 200 https://registry.npmjs.org/@simplewebauthn%2fserver 14ms (cache hit)
28 silly packumentCache full:https://registry.npmjs.org/@simplewebauthn%2fserver set size:280566 disposed:false
29 silly fetch manifest nodemailer@^7
30 silly packumentCache full:https://registry.npmjs.org/nodemailer cache-miss
31 http fetch GET 200 https://registry.npmjs.org/nodemailer 16ms (cache hit)
32 silly packumentCache full:https://registry.npmjs.org/nodemailer set size:572865 disposed:false
33 silly fetch manifest next@^15.1.0
34 silly packumentCache full:https://registry.npmjs.org/next cache-miss
35 http fetch GET 200 https://registry.npmjs.org/next 221ms (cache hit)
36 silly packumentCache full:https://registry.npmjs.org/next set size:30102366 disposed:false
37 silly fetch manifest @opentelemetry/api@^1.1.0
38 silly packumentCache full:https://registry.npmjs.org/@opentelemetry%2fapi cache-miss
39 http fetch GET 200 https://registry.npmjs.org/@opentelemetry%2fapi 15ms (cache hit)
40 silly packumentCache full:https://registry.npmjs.org/@opentelemetry%2fapi set size:272855 disposed:false
41 silly fetch manifest @playwright/test@^1.51.1
42 silly packumentCache full:https://registry.npmjs.org/@playwright%2ftest cache-miss
43 http fetch GET 200 https://registry.npmjs.org/@playwright%2ftest 70ms (cache hit)
44 silly packumentCache full:https://registry.npmjs.org/@playwright%2ftest set size:9009164 disposed:false
45 silly fetch manifest babel-plugin-react-compiler@*
46 silly packumentCache full:https://registry.npmjs.org/babel-plugin-react-compiler cache-miss
47 http fetch GET 200 https://registry.npmjs.org/babel-plugin-react-compiler 19ms (cache hit)
48 silly packumentCache full:https://registry.npmjs.org/babel-plugin-react-compiler set size:1320525 disposed:false
49 silly fetch manifest react@^19.0.0
50 silly packumentCache full:https://registry.npmjs.org/react cache-miss
51 http fetch GET 200 https://registry.npmjs.org/react 55ms (cache hit)
52 silly packumentCache full:https://registry.npmjs.org/react set size:6605979 disposed:false
53 silly fetch manifest react-dom@^19.0.0
54 silly packumentCache full:https://registry.npmjs.org/react-dom cache-miss
55 http fetch GET 200 https://registry.npmjs.org/react-dom 62ms (cache hit)
56 silly packumentCache full:https://registry.npmjs.org/react-dom set size:8792192 disposed:false
57 silly fetch manifest sass@^1.3.0
58 silly packumentCache full:https://registry.npmjs.org/sass cache-miss
59 http fetch GET 200 https://registry.npmjs.org/sass 18ms (cache hit)
60 silly packumentCache full:https://registry.npmjs.org/sass set size:726244 disposed:false
61 silly placeDep ROOT next-auth@4.24.13 REPLACE for: energy-venture-studio@0.1.0 want: ^4.24.13
62 warn EBADENGINE Unsupported engine {
62 warn EBADENGINE   package: '@prisma/streams-local@0.1.2',
62 warn EBADENGINE   required: { bun: '>=1.3.6', node: '>=22.0.0' },
62 warn EBADENGINE   current: { node: 'v20.20.2', npm: '10.8.2' }
62 warn EBADENGINE }
63 silly reify moves {}
64 silly audit bulk request {
64 silly audit   '@alloc/quick-lru': [ '5.2.0' ],
64 silly audit   '@auth/core': [ '0.34.3', '0.41.2' ],
64 silly audit   cookie: [ '0.6.0', '0.7.2' ],
64 silly audit   jose: [ '5.10.0', '6.2.2', '4.15.9' ],
64 silly audit   preact: [ '10.11.3', '10.24.3' ],
64 silly audit   'preact-render-to-string': [ '5.2.3', '6.5.11', '5.2.6' ],
64 silly audit   '@auth/prisma-adapter': [ '2.11.2' ],
64 silly audit   oauth4webapi: [ '3.8.5', '2.17.0' ],
64 silly audit   '@babel/runtime': [ '7.29.2' ],
64 silly audit   '@electric-sql/pglite': [ '0.4.1' ],
64 silly audit   '@electric-sql/pglite-socket': [ '0.1.1' ],
64 silly audit   '@electric-sql/pglite-tools': [ '0.3.1' ],
64 silly audit   '@emnapi/runtime': [ '1.9.2' ],
64 silly audit   '@hono/node-server': [ '1.19.11' ],
64 silly audit   '@img/colour': [ '1.1.0' ],
64 silly audit   '@img/sharp-darwin-arm64': [ '0.34.5' ],
64 silly audit   '@img/sharp-darwin-x64': [ '0.34.5' ],
64 silly audit   '@img/sharp-libvips-darwin-arm64': [ '1.2.4' ],
64 silly audit   '@img/sharp-libvips-darwin-x64': [ '1.2.4' ],
64 silly audit   '@img/sharp-libvips-linux-arm': [ '1.2.4' ],
64 silly audit   '@img/sharp-libvips-linux-arm64': [ '1.2.4' ],
64 silly audit   '@img/sharp-libvips-linux-ppc64': [ '1.2.4' ],
64 silly audit   '@img/sharp-libvips-linux-riscv64': [ '1.2.4' ],
64 silly audit   '@img/sharp-libvips-linux-s390x': [ '1.2.4' ],
64 silly audit   '@img/sharp-libvips-linux-x64': [ '1.2.4' ],
64 silly audit   '@img/sharp-libvips-linuxmusl-arm64': [ '1.2.4' ],
64 silly audit   '@img/sharp-libvips-linuxmusl-x64': [ '1.2.4' ],
64 silly audit   '@img/sharp-linux-arm': [ '0.34.5' ],
64 silly audit   '@img/sharp-linux-arm64': [ '0.34.5' ],
64 silly audit   '@img/sharp-linux-ppc64': [ '0.34.5' ],
64 silly audit   '@img/sharp-linux-riscv64': [ '0.34.5' ],
64 silly audit   '@img/sharp-linux-s390x': [ '0.34.5' ],
64 silly audit   '@img/sharp-linux-x64': [ '0.34.5' ],
64 silly audit   '@img/sharp-linuxmusl-arm64': [ '0.34.5' ],
64 silly audit   '@img/sharp-linuxmusl-x64': [ '0.34.5' ],
64 silly audit   '@img/sharp-wasm32': [ '0.34.5' ],
64 silly audit   '@img/sharp-win32-arm64': [ '0.34.5' ],
64 silly audit   '@img/sharp-win32-ia32': [ '0.34.5' ],
64 silly audit   '@img/sharp-win32-x64': [ '0.34.5' ],
64 silly audit   '@jridgewell/gen-mapping': [ '0.3.13' ],
64 silly audit   '@jridgewell/resolve-uri': [ '3.1.2' ],
64 silly audit   '@jridgewell/sourcemap-codec': [ '1.5.5' ],
64 silly audit   '@jridgewell/trace-mapping': [ '0.3.31' ],
64 silly audit   '@kurkle/color': [ '0.3.4' ],
64 silly audit   '@next/env': [ '15.5.15' ],
64 silly audit   '@next/swc-darwin-arm64': [ '15.5.15' ],
64 silly audit   '@next/swc-darwin-x64': [ '15.5.15' ],
64 silly audit   '@next/swc-linux-arm64-gnu': [ '15.5.15' ],
64 silly audit   '@next/swc-linux-arm64-musl': [ '15.5.15' ],
64 silly audit   '@next/swc-linux-x64-gnu': [ '15.5.15' ],
64 silly audit   '@next/swc-linux-x64-musl': [ '15.5.15' ],
64 silly audit   '@next/swc-win32-arm64-msvc': [ '15.5.15' ],
64 silly audit   '@next/swc-win32-x64-msvc': [ '15.5.15' ],
64 silly audit   '@nodelib/fs.scandir': [ '2.1.5' ],
64 silly audit   '@nodelib/fs.stat': [ '2.0.5' ],
64 silly audit   '@nodelib/fs.walk': [ '1.2.8' ],
64 silly audit   '@panva/hkdf': [ '1.2.1' ],
64 silly audit   '@prisma/client': [ '7.7.0' ],
64 silly audit   '@prisma/client-runtime-utils': [ '7.7.0' ],
64 silly audit   '@prisma/config': [ '7.7.0' ],
64 silly audit   '@prisma/debug': [ '7.7.0', '7.2.0' ],
64 silly audit   '@prisma/dev': [ '0.24.3' ],
64 silly audit   '@prisma/engines': [ '7.7.0' ],
64 silly audit   '@prisma/engines-version': [ '7.6.0-1.75cbdc1eb7150937890ad5465d861175c6624711' ],
64 silly audit   '@prisma/get-platform': [ '7.7.0', '7.2.0' ],
64 silly audit   '@prisma/fetch-engine': [ '7.7.0' ],
64 silly audit   '@prisma/query-plan-executor': [ '7.2.0' ],
64 silly audit   '@prisma/streams-local': [ '0.1.2' ],
64 silly audit   '@prisma/studio-core': [ '0.27.3' ],
64 silly audit   '@radix-ui/primitive': [ '1.1.3' ],
64 silly audit   '@radix-ui/react-compose-refs': [ '1.1.2' ],
64 silly audit   '@radix-ui/react-primitive': [ '2.1.3' ],
64 silly audit   '@radix-ui/react-slot': [ '1.2.3' ],
64 silly audit   '@radix-ui/react-toggle': [ '1.1.10' ],
64 silly audit   '@radix-ui/react-use-controllable-state': [ '1.2.2' ],
64 silly audit   '@radix-ui/react-use-effect-event': [ '0.0.2' ],
64 silly audit   '@radix-ui/react-use-layout-effect': [ '1.1.1' ],
64 silly audit   '@standard-schema/spec': [ '1.1.0' ],
64 silly audit   '@swc/helpers': [ '0.5.15' ],
64 silly audit   '@types/bcryptjs': [ '2.4.6' ],
64 silly audit   '@types/cookie': [ '0.6.0' ],
64 silly audit   '@types/node': [ '22.19.17' ],
64 silly audit   '@types/react': [ '19.2.14' ],
64 silly audit   ajv: [ '8.18.0' ],
64 silly audit   'any-promise': [ '1.3.0' ],
64 silly audit   anymatch: [ '3.1.3' ],
64 silly audit   arg: [ '5.0.2' ],
64 silly audit   autoprefixer: [ '10.5.0' ],
64 silly audit   'aws-ssl-profiles': [ '1.1.2' ],
64 silly audit   'baseline-browser-mapping': [ '2.10.19' ],
64 silly audit   bcryptjs: [ '3.0.3' ],
64 silly audit   'better-result': [ '2.8.2' ],
64 silly audit   'binary-extensions': [ '2.3.0' ],
64 silly audit   braces: [ '3.0.3' ],
64 silly audit   browserslist: [ '4.28.2' ],
64 silly audit   c12: [ '3.1.0' ],
64 silly audit   chokidar: [ '4.0.3', '3.6.0' ],
64 silly audit   jiti: [ '2.6.1', '1.21.7' ],
64 silly audit   readdirp: [ '4.1.2', '3.6.0' ],
64 silly audit   'camelcase-css': [ '2.0.1' ],
64 silly audit   'caniuse-lite': [ '1.0.30001788' ],
64 silly audit   'chart.js': [ '4.5.1' ],
64 silly audit   'glob-parent': [ '5.1.2', '6.0.2' ],
64 silly audit   citty: [ '0.1.6', '0.2.2' ],
64 silly audit   'client-only': [ '0.0.1' ],
64 silly audit   clsx: [ '2.1.1' ],
64 silly audit   commander: [ '4.1.1' ],
64 silly audit   confbox: [ '0.2.4' ],
64 silly audit   consola: [ '3.4.2' ],
64 silly audit   'cross-spawn': [ '7.0.6' ],
64 silly audit   cssesc: [ '3.0.0' ],
64 silly audit   csstype: [ '3.2.3' ],
64 silly audit   'deepmerge-ts': [ '7.1.5' ],
64 silly audit   defu: [ '6.1.7' ],
64 silly audit   denque: [ '2.1.0' ],
64 silly audit   destr: [ '2.0.5' ],
64 silly audit   'detect-libc': [ '2.1.2' ],
64 silly audit   didyoumean: [ '1.2.2' ],
64 silly audit   dlv: [ '1.1.3' ],
64 silly audit   dotenv: [ '16.6.1' ],
64 silly audit   effect: [ '3.20.0' ],
64 silly audit   'electron-to-chromium': [ '1.5.336' ],
64 silly audit   empathic: [ '2.0.0' ],
64 silly audit   'env-paths': [ '3.0.0' ],
64 silly audit   'es-errors': [ '1.3.0' ],
64 silly audit   escalade: [ '3.2.0' ],
64 silly audit   exsolve: [ '1.0.8' ],
64 silly audit   'fast-check': [ '3.23.2' ],
64 silly audit   'fast-deep-equal': [ '3.1.3' ],
64 silly audit   'fast-glob': [ '3.3.3' ],
64 silly audit   'fast-uri': [ '3.1.0' ],
64 silly audit   fastq: [ '1.20.1' ],
64 silly audit   'fill-range': [ '7.1.1' ],
64 silly audit   'foreground-child': [ '3.3.1' ],
64 silly audit   'fraction.js': [ '5.3.4' ],
64 silly audit   fsevents: [ '2.3.3' ],
64 silly audit   'function-bind': [ '1.1.2' ],
64 silly audit   'generate-function': [ '2.3.1' ],
64 silly audit   'get-port-please': [ '3.2.0' ],
64 silly audit   giget: [ '2.0.0' ],
64 silly audit   'graceful-fs': [ '4.2.11' ],
64 silly audit   grammex: [ '3.1.12' ],
64 silly audit   graphmatch: [ '1.1.1' ],
64 silly audit   hasown: [ '2.0.2' ],
64 silly audit   hono: [ '4.12.12' ],
64 silly audit   'http-status-codes': [ '2.3.0' ],
64 silly audit   'iconv-lite': [ '0.7.2' ],
64 silly audit   'is-binary-path': [ '2.1.0' ],
64 silly audit   'is-core-module': [ '2.16.1' ],
64 silly audit   'is-extglob': [ '2.1.1' ],
64 silly audit   'is-glob': [ '4.0.3' ],
64 silly audit   'is-number': [ '7.0.0' ],
64 silly audit   'is-property': [ '1.0.2' ],
64 silly audit   isexe: [ '2.0.0' ],
64 silly audit   'json-schema-traverse': [ '1.0.0' ],
64 silly audit   lilconfig: [ '3.1.3' ],
64 silly audit   'lines-and-columns': [ '1.2.4' ],
64 silly audit   long: [ '5.3.2' ],
64 silly audit   'lru-cache': [ '6.0.0' ],
64 silly audit   'lru.min': [ '1.1.4' ],
64 silly audit   'lucide-react': [ '0.468.0' ],
64 silly audit   merge2: [ '1.4.1' ],
64 silly audit   micromatch: [ '4.0.8' ],
64 silly audit   mysql2: [ '3.15.3' ],
64 silly audit   mz: [ '2.7.0' ],
64 silly audit   'named-placeholders': [ '1.1.6' ],
64 silly audit   nanoid: [ '3.3.11' ],
64 silly audit   next: [ '15.5.15' ],
64 silly audit   postcss: [ '8.4.31', '8.5.9' ],
64 silly audit   'node-fetch-native': [ '1.6.7' ],
64 silly audit   'node-releases': [ '2.0.37' ],
64 silly audit   'normalize-path': [ '3.0.0' ],
64 silly audit   nypm: [ '0.6.5' ],
64 silly audit   oauth: [ '0.9.15' ],
64 silly audit   'object-assign': [ '4.1.1' ],
64 silly audit   'object-hash': [ '3.0.0', '2.2.0' ],
64 silly audit   ohash: [ '2.0.11' ],
64 silly audit   'oidc-token-hash': [ '5.2.0' ],
64 silly audit   'openid-client': [ '5.7.1' ],
64 silly audit   'path-key': [ '3.1.1' ],
64 silly audit   'path-parse': [ '1.0.7' ],
64 silly audit   pathe: [ '2.0.3' ],
64 silly audit   'perfect-debounce': [ '1.0.0' ],
64 silly audit   picocolors: [ '1.1.1' ],
64 silly audit   picomatch: [ '2.3.2', '4.0.4' ],
64 silly audit   pify: [ '2.3.0' ],
64 silly audit   pirates: [ '4.0.7' ],
64 silly audit   'pkg-types': [ '2.3.0' ],
64 silly audit   'postcss-import': [ '15.1.0' ],
64 silly audit   'postcss-js': [ '4.1.0' ],
64 silly audit   'postcss-load-config': [ '6.0.1' ],
64 silly audit   'postcss-nested': [ '6.2.0' ],
64 silly audit   'postcss-selector-parser': [ '6.1.2' ],
64 silly audit   'postcss-value-parser': [ '4.2.0' ],
64 silly audit   postgres: [ '3.4.7' ],
64 silly audit   'pretty-format': [ '3.8.0' ],
64 silly audit   prisma: [ '7.7.0' ],
64 silly audit   'proper-lockfile': [ '4.1.2' ],
64 silly audit   'signal-exit': [ '3.0.7', '4.1.0' ],
64 silly audit   'pure-rand': [ '6.1.0' ],
64 silly audit   'queue-microtask': [ '1.2.3' ],
64 silly audit   rc9: [ '2.1.2' ],
64 silly audit   react: [ '19.2.5' ],
64 silly audit   'react-dom': [ '19.2.5' ],
64 silly audit   'read-cache': [ '1.0.0' ],
64 silly audit   remeda: [ '2.33.4' ],
64 silly audit   'require-from-string': [ '2.0.2' ],
64 silly audit   resolve: [ '1.22.12' ],
64 silly audit   retry: [ '0.12.0' ],
64 silly audit   reusify: [ '1.1.0' ],
64 silly audit   'run-parallel': [ '1.2.0' ],
64 silly audit   'safer-buffer': [ '2.1.2' ],
64 silly audit   scheduler: [ '0.27.0' ],
64 silly audit   semver: [ '7.7.4' ],
64 silly audit   'seq-queue': [ '0.0.5' ],
64 silly audit   sharp: [ '0.34.5' ],
64 silly audit   'shebang-command': [ '2.0.0' ],
64 silly audit   'shebang-regex': [ '3.0.0' ],
64 silly audit   'source-map-js': [ '1.2.1' ],
64 silly audit   sqlstring: [ '2.3.3' ],
64 silly audit   'std-env': [ '3.10.0' ],
64 silly audit   'styled-jsx': [ '5.1.6' ],
64 silly audit   sucrase: [ '3.35.1' ],
64 silly audit   'supports-preserve-symlinks-flag': [ '1.0.0' ],
64 silly audit   tailwindcss: [ '3.4.19' ],
64 silly audit   thenify: [ '3.3.1' ],
64 silly audit   'thenify-all': [ '1.6.0' ],
64 silly audit   tinyexec: [ '1.1.1' ],
64 silly audit   tinyglobby: [ '0.2.16' ],
64 silly audit   fdir: [ '6.5.0' ],
64 silly audit   'to-regex-range': [ '5.0.1' ],
64 silly audit   'ts-interface-checker': [ '0.1.13' ],
64 silly audit   tslib: [ '2.8.1' ],
64 silly audit   typescript: [ '5.9.3' ],
64 silly audit   'undici-types': [ '6.21.0' ],
64 silly audit   'update-browserslist-db': [ '1.2.3' ],
64 silly audit   'util-deprecate': [ '1.0.2' ],
64 silly audit   uuid: [ '8.3.2' ],
64 silly audit   valibot: [ '1.2.0' ],
64 silly audit   which: [ '2.0.2' ],
64 silly audit   yallist: [ '4.0.0' ],
64 silly audit   zeptomatch: [ '2.1.0' ],
64 silly audit   'next-auth': [ '4.24.13' ]
64 silly audit }
65 verbose reify failed optional dependency /data/projects/13f06e1d-690a-4876-96e6-ef7eca9c296e/node_modules/fsevents
66 silly reify mark deleted [
66 silly reify   '/data/projects/13f06e1d-690a-4876-96e6-ef7eca9c296e/node_modules/fsevents'
66 silly reify ]
67 verbose reify failed optional dependency /data/projects/13f06e1d-690a-4876-96e6-ef7eca9c296e/node_modules/@next/swc-win32-x64-msvc
68 silly reify mark deleted [
68 silly reify   '/data/projects/13f06e1d-690a-4876-96e6-ef7eca9c296e/node_modules/@next/swc-win32-x64-msvc'
68 silly reify ]
69 verbose reify failed optional dependency /data/projects/13f06e1d-690a-4876-96e6-ef7eca9c296e/node_modules/@next/swc-win32-arm64-msvc
70 silly reify mark deleted [
70 silly reify   '/data/projects/13f06e1d-690a-4876-96e6-ef7eca9c296e/node_modules/@next/swc-win32-arm64-msvc'
70 silly reify ]
71 verbose reify failed optional dependency /data/projects/13f06e1d-690a-4876-96e6-ef7eca9c296e/node_modules/@next/swc-linux-arm64-musl
72 silly reify mark deleted [
72 silly reify   '/data/projects/13f06e1d-690a-4876-96e6-ef7eca9c296e/node_modules/@next/swc-linux-arm64-musl'
72 silly reify ]
73 verbose reify failed optional dependency /data/projects/13f06e1d-690a-4876-96e6-ef7eca9c296e/node_modules/@next/swc-linux-arm64-gnu
74 silly reify mark deleted [
74 silly reify   '/data/projects/13f06e1d-690a-4876-96e6-ef7eca9c296e/node_modules/@next/swc-linux-arm64-gnu'
74 silly reify ]
75 verbose reify failed optional dependency /data/projects/13f06e1d-690a-4876-96e6-ef7eca9c296e/node_modules/@next/swc-darwin-x64
76 silly reify mark deleted [
76 silly reify   '/data/projects/13f06e1d-690a-4876-96e6-ef7eca9c296e/node_modules/@next/swc-darwin-x64'
76 silly reify ]
77 verbose reify failed optional dependency /data/projects/13f06e1d-690a-4876-96e6-ef7eca9c296e/node_modules/@next/swc-darwin-arm64
78 silly reify mark deleted [
78 silly reify   '/data/projects/13f06e1d-690a-4876-96e6-ef7eca9c296e/node_modules/@next/swc-darwin-arm64'
78 silly reify ]
79 verbose reify failed optional dependency /data/projects/13f06e1d-690a-4876-96e6-ef7eca9c296e/node_modules/@img/sharp-win32-x64
80 silly reify mark deleted [
80 silly reify   '/data/projects/13f06e1d-690a-4876-96e6-ef7eca9c296e/node_modules/@img/sharp-win32-x64'
80 silly reify ]
81 verbose reify failed optional dependency /data/projects/13f06e1d-690a-4876-96e6-ef7eca9c296e/node_modules/@img/sharp-win32-ia32
82 silly reify mark deleted [
82 silly reify   '/data/projects/13f06e1d-690a-4876-96e6-ef7eca9c296e/node_modules/@img/sharp-win32-ia32'
82 silly reify ]
83 verbose reify failed optional dependency /data/projects/13f06e1d-690a-4876-96e6-ef7eca9c296e/node_modules/@img/sharp-win32-arm64
84 silly reify mark deleted [
84 silly reify   '/data/projects/13f06e1d-690a-4876-96e6-ef7eca9c296e/node_modules/@img/sharp-win32-arm64'
84 silly reify ]
85 verbose reify failed optional dependency /data/projects/13f06e1d-690a-4876-96e6-ef7eca9c296e/node_modules/@img/sharp-wasm32
86 silly reify mark deleted [
86 silly reify   '/data/projects/13f06e1d-690a-4876-96e6-ef7eca9c296e/node_modules/@img/sharp-wasm32'
86 silly reify ]
87 verbose reify failed optional dependency /data/projects/13f06e1d-690a-4876-96e6-ef7eca9c296e/node_modules/@emnapi/runtime
88 silly reify mark deleted [
88 silly reify   '/data/projects/13f06e1d-690a-4876-96e6-ef7eca9c296e/node_modules/@emnapi/runtime'
88 silly reify ]
89 verbose reify failed optional dependency /data/projects/13f06e1d-690a-4876-96e6-ef7eca9c296e/node_modules/@img/sharp-linuxmusl-arm64
90 silly reify mark deleted [
90 silly reify   '/data/projects/13f06e1d-690a-4876-96e6-ef7eca9c296e/node_modules/@img/sharp-linuxmusl-arm64'
90 silly reify ]
91 verbose reify failed optional dependency /data/projects/13f06e1d-690a-4876-96e6-ef7eca9c296e/node_modules/@img/sharp-linux-s390x
92 silly reify mark deleted [
92 silly reify   '/data/projects/13f06e1d-690a-4876-96e6-ef7eca9c296e/node_modules/@img/sharp-linux-s390x'
92 silly reify ]
93 verbose reify failed optional dependency /data/projects/13f06e1d-690a-4876-96e6-ef7eca9c296e/node_modules/@img/sharp-linux-riscv64
94 silly reify mark deleted [
94 silly reify   '/data/projects/13f06e1d-690a-4876-96e6-ef7eca9c296e/node_modules/@img/sharp-linux-riscv64'
94 silly reify ]
95 verbose reify failed optional dependency /data/projects/13f06e1d-690a-4876-96e6-ef7eca9c296e/node_modules/@img/sharp-linux-ppc64
96 silly reify mark deleted [
96 silly reify   '/data/projects/13f06e1d-690a-4876-96e6-ef7eca9c296e/node_modules/@img/sharp-linux-ppc64'
96 silly reify ]
97 verbose reify failed optional dependency /data/projects/13f06e1d-690a-4876-96e6-ef7eca9c296e/node_modules/@img/sharp-linux-arm64
98 silly reify mark deleted [
98 silly reify   '/data/projects/13f06e1d-690a-4876-96e6-ef7eca9c296e/node_modules/@img/sharp-linux-arm64'
98 silly reify ]
99 verbose reify failed optional dependency /data/projects/13f06e1d-690a-4876-96e6-ef7eca9c296e/node_modules/@img/sharp-linux-arm
100 silly reify mark deleted [
100 silly reify   '/data/projects/13f06e1d-690a-4876-96e6-ef7eca9c296e/node_modules/@img/sharp-linux-arm'
100 silly reify ]
101 verbose reify failed optional dependency /data/projects/13f06e1d-690a-4876-96e6-ef7eca9c296e/node_modules/@img/sharp-libvips-linuxmusl-arm64
102 silly reify mark deleted [
102 silly reify   '/data/projects/13f06e1d-690a-4876-96e6-ef7eca9c296e/node_modules/@img/sharp-libvips-linuxmusl-arm64'
102 silly reify ]
103 verbose reify failed optional dependency /data/projects/13f06e1d-690a-4876-96e6-ef7eca9c296e/node_modules/@img/sharp-libvips-linux-s390x
104 silly reify mark deleted [
104 silly reify   '/data/projects/13f06e1d-690a-4876-96e6-ef7eca9c296e/node_modules/@img/sharp-libvips-linux-s390x'
104 silly reify ]
105 verbose reify failed optional dependency /data/projects/13f06e1d-690a-4876-96e6-ef7eca9c296e/node_modules/@img/sharp-libvips-linux-riscv64
106 silly reify mark deleted [
106 silly reify   '/data/projects/13f06e1d-690a-4876-96e6-ef7eca9c296e/node_modules/@img/sharp-libvips-linux-riscv64'
106 silly reify ]
107 verbose reify failed optional dependency /data/projects/13f06e1d-690a-4876-96e6-ef7eca9c296e/node_modules/@img/sharp-libvips-linux-ppc64
108 silly reify mark deleted [
108 silly reify   '/data/projects/13f06e1d-690a-4876-96e6-ef7eca9c296e/node_modules/@img/sharp-libvips-linux-ppc64'
108 silly reify ]
109 verbose reify failed optional dependency /data/projects/13f06e1d-690a-4876-96e6-ef7eca9c296e/node_modules/@img/sharp-libvips-linux-arm64
110 silly reify mark deleted [
110 silly reify   '/data/projects/13f06e1d-690a-4876-96e6-ef7eca9c296e/node_modules/@img/sharp-libvips-linux-arm64'
110 silly reify ]
111 verbose reify failed optional dependency /data/projects/13f06e1d-690a-4876-96e6-ef7eca9c296e/node_modules/@img/sharp-libvips-linux-arm
112 silly reify mark deleted [
112 silly reify   '/data/projects/13f06e1d-690a-4876-96e6-ef7eca9c296e/node_modules/@img/sharp-libvips-linux-arm'
112 silly reify ]
113 verbose reify failed optional dependency /data/projects/13f06e1d-690a-4876-96e6-ef7eca9c296e/node_modules/@img/sharp-libvips-darwin-x64
114 silly reify mark deleted [
114 silly reify   '/data/projects/13f06e1d-690a-4876-96e6-ef7eca9c296e/node_modules/@img/sharp-libvips-darwin-x64'
114 silly reify ]
115 verbose reify failed optional dependency /data/projects/13f06e1d-690a-4876-96e6-ef7eca9c296e/node_modules/@img/sharp-libvips-darwin-arm64
116 silly reify mark deleted [
116 silly reify   '/data/projects/13f06e1d-690a-4876-96e6-ef7eca9c296e/node_modules/@img/sharp-libvips-darwin-arm64'
116 silly reify ]
117 verbose reify failed optional dependency /data/projects/13f06e1d-690a-4876-96e6-ef7eca9c296e/node_modules/@img/sharp-darwin-x64
118 silly reify mark deleted [
118 silly reify   '/data/projects/13f06e1d-690a-4876-96e6-ef7eca9c296e/node_modules/@img/sharp-darwin-x64'
118 silly reify ]
119 verbose reify failed optional dependency /data/projects/13f06e1d-690a-4876-96e6-ef7eca9c296e/node_modules/@img/sharp-darwin-arm64
120 silly reify mark deleted [
120 silly reify   '/data/projects/13f06e1d-690a-4876-96e6-ef7eca9c296e/node_modules/@img/sharp-darwin-arm64'
120 silly reify ]
121 http fetch POST 200 https://registry.npmjs.org/-/npm/v1/security/advisories/bulk 466ms
122 silly audit report {
122 silly audit report   cookie: [
122 silly audit report     {
122 silly audit report       id: 1103907,
122 silly audit report       url: 'https://github.com/advisories/GHSA-pxg6-pf52-xh8x',
122 silly audit report       title: 'cookie accepts cookie name, path, and domain with out of bounds characters',
122 silly audit report       severity: 'low',
122 silly audit report       vulnerable_versions: '<0.7.0',
122 silly audit report       cwe: [Array],
122 silly audit report       cvss: [Object]
122 silly audit report     }
122 silly audit report   ],
122 silly audit report   '@hono/node-server': [
122 silly audit report     {
122 silly audit report       id: 1116281,
122 silly audit report       url: 'https://github.com/advisories/GHSA-92pp-h63x-v22m',
122 silly audit report       title: '@hono/node-server: Middleware bypass via repeated slashes in serveStatic',
122 silly audit report       severity: 'moderate',
122 silly audit report       vulnerable_versions: '<1.19.13',
122 silly audit report       cwe: [Array],
122 silly audit report       cvss: [Object]
122 silly audit report     }
122 silly audit report   ]
122 silly audit report }
123 silly packumentCache corgi:https://registry.npmjs.org/cookie cache-miss
124 silly packumentCache corgi:https://registry.npmjs.org/@hono%2fnode-server cache-miss
125 http fetch GET 200 https://registry.npmjs.org/cookie 110ms (cache hit)
126 silly packumentCache corgi:https://registry.npmjs.org/cookie set size:23677 disposed:false
127 http fetch GET 200 https://registry.npmjs.org/@hono%2fnode-server 112ms (cache hit)
128 silly packumentCache corgi:https://registry.npmjs.org/@hono%2fnode-server set size:85395 disposed:false
129 silly packumentCache corgi:https://registry.npmjs.org/@auth%2fcore cache-miss
130 http fetch GET 200 https://registry.npmjs.org/@auth%2fcore 19ms (cache hit)
131 silly packumentCache corgi:https://registry.npmjs.org/@auth%2fcore set size:153120 disposed:false
132 silly packumentCache corgi:https://registry.npmjs.org/@prisma%2fdev cache-miss
133 http fetch GET 200 https://registry.npmjs.org/@prisma%2fdev 20ms (cache hit)
134 silly packumentCache corgi:https://registry.npmjs.org/@prisma%2fdev set size:959256 disposed:false
135 silly packumentCache corgi:https://registry.npmjs.org/next-auth cache-miss
136 http fetch GET 200 https://registry.npmjs.org/next-auth 28ms (cache hit)
137 silly packumentCache corgi:https://registry.npmjs.org/next-auth set size:1811103 disposed:false
138 silly packumentCache corgi:https://registry.npmjs.org/prisma cache-miss
139 http fetch GET 200 https://registry.npmjs.org/prisma 204ms (cache hit)
140 silly packumentCache corgi:https://registry.npmjs.org/prisma set size:22782867 disposed:false
141 silly packumentCache corgi:https://registry.npmjs.org/@prisma%2fclient cache-miss
142 http fetch GET 200 https://registry.npmjs.org/@prisma%2fclient 757ms (cache hit)
143 silly packumentCache corgi:https://registry.npmjs.org/@prisma%2fclient set size:37761997 disposed:false
144 silly ADD
145 silly ADD
146 silly ADD
147 silly ADD
148 silly ADD
149 silly ADD
150 silly ADD
151 silly ADD
152 silly ADD
153 silly ADD
154 silly ADD
155 silly ADD
156 silly ADD
157 silly ADD
158 silly ADD
159 silly ADD
160 silly ADD
161 silly ADD
162 silly ADD
163 silly ADD
164 silly ADD
165 silly ADD
166 silly ADD
167 silly ADD
168 silly ADD
169 silly ADD
170 silly ADD
171 silly ADD
172 verbose cwd /data/projects/13f06e1d-690a-4876-96e6-ef7eca9c296e
173 verbose os Linux 6.6.87.2-microsoft-standard-WSL2
174 verbose node v20.20.2
175 verbose npm  v10.8.2
176 verbose exit 0
177 info ok
