0 verbose cli /usr/bin/node /usr/bin/npm
1 info using npm@10.8.2
2 info using node@v20.20.2
3 silly config load:file:/usr/lib/node_modules/npm/npmrc
4 silly config load:file:/data/projects/13f06e1d-690a-4876-96e6-ef7eca9c296e/.npmrc
5 silly config load:file:/usr/etc/npmrc
6 verbose title npm install @auth/prisma-adapter
7 verbose argv "install" "@auth/prisma-adapter"
8 verbose logfile logs-max:10 dir:/data/projects/13f06e1d-690a-4876-96e6-ef7eca9c296e/.npm/_logs/2026-04-14T20_43_51_317Z-
9 verbose logfile /data/projects/13f06e1d-690a-4876-96e6-ef7eca9c296e/.npm/_logs/2026-04-14T20_43_51_317Z-debug-0.log
10 silly packumentCache heap:2197815296 maxSize:549453824 maxEntrySize:274726912
11 silly logfile start cleaning logs, removing 1 files
12 silly logfile done cleaning log files
13 silly idealTree buildDeps
14 silly fetch manifest @auth/prisma-adapter@^2.11.2
15 silly packumentCache full:https://registry.npmjs.org/@auth%2fprisma-adapter cache-miss
16 http fetch GET 200 https://registry.npmjs.org/@auth%2fprisma-adapter 228ms (cache hit)
17 silly packumentCache full:https://registry.npmjs.org/@auth%2fprisma-adapter set size:154535 disposed:false
18 silly fetch manifest @prisma/client@^7.7.0
19 silly packumentCache full:https://registry.npmjs.org/@prisma%2fclient cache-miss
20 http fetch GET 200 https://registry.npmjs.org/@prisma%2fclient 458ms (cache hit)
21 silly packumentCache full:https://registry.npmjs.org/@prisma%2fclient set size:67708275 disposed:false
22 silly fetch manifest prisma@^7.7.0
23 silly packumentCache full:https://registry.npmjs.org/prisma cache-miss
24 http fetch GET 200 https://registry.npmjs.org/prisma 405ms (cache hit)
25 silly packumentCache full:https://registry.npmjs.org/prisma set size:43162429 disposed:false
26 silly fetch manifest better-sqlite3@>=9.0.0
27 silly packumentCache full:https://registry.npmjs.org/better-sqlite3 cache-miss
28 http fetch GET 200 https://registry.npmjs.org/better-sqlite3 16ms (cache hit)
29 silly packumentCache full:https://registry.npmjs.org/better-sqlite3 set size:374702 disposed:false
30 silly fetch manifest typescript@^5.7.0
31 silly packumentCache full:https://registry.npmjs.org/typescript cache-miss
32 http fetch GET 200 https://registry.npmjs.org/typescript 199ms (cache hit)
33 silly packumentCache full:https://registry.npmjs.org/typescript set size:15399465 disposed:false
34 silly placeDep ROOT @auth/prisma-adapter@2.11.2 REPLACE for: energy-venture-studio@0.1.0 want: ^2.11.2
35 warn EBADENGINE Unsupported engine {
35 warn EBADENGINE   package: '@prisma/streams-local@0.1.2',
35 warn EBADENGINE   required: { bun: '>=1.3.6', node: '>=22.0.0' },
35 warn EBADENGINE   current: { node: 'v20.20.2', npm: '10.8.2' }
35 warn EBADENGINE }
36 silly reify moves {}
37 silly audit bulk request {
37 silly audit   '@alloc/quick-lru': [ '5.2.0' ],
37 silly audit   '@auth/core': [ '0.34.3', '0.41.2' ],
37 silly audit   cookie: [ '0.6.0', '0.7.2' ],
37 silly audit   jose: [ '5.10.0', '4.15.9', '6.2.2' ],
37 silly audit   preact: [ '10.11.3', '10.24.3' ],
37 silly audit   'preact-render-to-string': [ '5.2.3', '5.2.6', '6.5.11' ],
37 silly audit   oauth4webapi: [ '2.17.0', '3.8.5' ],
37 silly audit   '@babel/runtime': [ '7.29.2' ],
37 silly audit   '@electric-sql/pglite': [ '0.4.1' ],
37 silly audit   '@electric-sql/pglite-socket': [ '0.1.1' ],
37 silly audit   '@electric-sql/pglite-tools': [ '0.3.1' ],
37 silly audit   '@emnapi/runtime': [ '1.9.2' ],
37 silly audit   '@hono/node-server': [ '1.19.11' ],
37 silly audit   '@img/colour': [ '1.1.0' ],
37 silly audit   '@img/sharp-darwin-arm64': [ '0.34.5' ],
37 silly audit   '@img/sharp-darwin-x64': [ '0.34.5' ],
37 silly audit   '@img/sharp-libvips-darwin-arm64': [ '1.2.4' ],
37 silly audit   '@img/sharp-libvips-darwin-x64': [ '1.2.4' ],
37 silly audit   '@img/sharp-libvips-linux-arm': [ '1.2.4' ],
37 silly audit   '@img/sharp-libvips-linux-arm64': [ '1.2.4' ],
37 silly audit   '@img/sharp-libvips-linux-ppc64': [ '1.2.4' ],
37 silly audit   '@img/sharp-libvips-linux-riscv64': [ '1.2.4' ],
37 silly audit   '@img/sharp-libvips-linux-s390x': [ '1.2.4' ],
37 silly audit   '@img/sharp-libvips-linux-x64': [ '1.2.4' ],
37 silly audit   '@img/sharp-libvips-linuxmusl-arm64': [ '1.2.4' ],
37 silly audit   '@img/sharp-libvips-linuxmusl-x64': [ '1.2.4' ],
37 silly audit   '@img/sharp-linux-arm': [ '0.34.5' ],
37 silly audit   '@img/sharp-linux-arm64': [ '0.34.5' ],
37 silly audit   '@img/sharp-linux-ppc64': [ '0.34.5' ],
37 silly audit   '@img/sharp-linux-riscv64': [ '0.34.5' ],
37 silly audit   '@img/sharp-linux-s390x': [ '0.34.5' ],
37 silly audit   '@img/sharp-linux-x64': [ '0.34.5' ],
37 silly audit   '@img/sharp-linuxmusl-arm64': [ '0.34.5' ],
37 silly audit   '@img/sharp-linuxmusl-x64': [ '0.34.5' ],
37 silly audit   '@img/sharp-wasm32': [ '0.34.5' ],
37 silly audit   '@img/sharp-win32-arm64': [ '0.34.5' ],
37 silly audit   '@img/sharp-win32-ia32': [ '0.34.5' ],
37 silly audit   '@img/sharp-win32-x64': [ '0.34.5' ],
37 silly audit   '@jridgewell/gen-mapping': [ '0.3.13' ],
37 silly audit   '@jridgewell/resolve-uri': [ '3.1.2' ],
37 silly audit   '@jridgewell/sourcemap-codec': [ '1.5.5' ],
37 silly audit   '@jridgewell/trace-mapping': [ '0.3.31' ],
37 silly audit   '@kurkle/color': [ '0.3.4' ],
37 silly audit   '@next/env': [ '15.5.15' ],
37 silly audit   '@next/swc-darwin-arm64': [ '15.5.15' ],
37 silly audit   '@next/swc-darwin-x64': [ '15.5.15' ],
37 silly audit   '@next/swc-linux-arm64-gnu': [ '15.5.15' ],
37 silly audit   '@next/swc-linux-arm64-musl': [ '15.5.15' ],
37 silly audit   '@next/swc-linux-x64-gnu': [ '15.5.15' ],
37 silly audit   '@next/swc-linux-x64-musl': [ '15.5.15' ],
37 silly audit   '@next/swc-win32-arm64-msvc': [ '15.5.15' ],
37 silly audit   '@next/swc-win32-x64-msvc': [ '15.5.15' ],
37 silly audit   '@nodelib/fs.scandir': [ '2.1.5' ],
37 silly audit   '@nodelib/fs.stat': [ '2.0.5' ],
37 silly audit   '@nodelib/fs.walk': [ '1.2.8' ],
37 silly audit   '@panva/hkdf': [ '1.2.1' ],
37 silly audit   '@prisma/client': [ '7.7.0' ],
37 silly audit   '@prisma/client-runtime-utils': [ '7.7.0' ],
37 silly audit   '@prisma/config': [ '7.7.0' ],
37 silly audit   '@prisma/debug': [ '7.7.0', '7.2.0' ],
37 silly audit   '@prisma/dev': [ '0.24.3' ],
37 silly audit   '@prisma/engines': [ '7.7.0' ],
37 silly audit   '@prisma/engines-version': [ '7.6.0-1.75cbdc1eb7150937890ad5465d861175c6624711' ],
37 silly audit   '@prisma/get-platform': [ '7.7.0', '7.2.0' ],
37 silly audit   '@prisma/fetch-engine': [ '7.7.0' ],
37 silly audit   '@prisma/query-plan-executor': [ '7.2.0' ],
37 silly audit   '@prisma/streams-local': [ '0.1.2' ],
37 silly audit   '@prisma/studio-core': [ '0.27.3' ],
37 silly audit   '@radix-ui/primitive': [ '1.1.3' ],
37 silly audit   '@radix-ui/react-compose-refs': [ '1.1.2' ],
37 silly audit   '@radix-ui/react-primitive': [ '2.1.3' ],
37 silly audit   '@radix-ui/react-slot': [ '1.2.3' ],
37 silly audit   '@radix-ui/react-toggle': [ '1.1.10' ],
37 silly audit   '@radix-ui/react-use-controllable-state': [ '1.2.2' ],
37 silly audit   '@radix-ui/react-use-effect-event': [ '0.0.2' ],
37 silly audit   '@radix-ui/react-use-layout-effect': [ '1.1.1' ],
37 silly audit   '@standard-schema/spec': [ '1.1.0' ],
37 silly audit   '@swc/helpers': [ '0.5.15' ],
37 silly audit   '@types/bcryptjs': [ '2.4.6' ],
37 silly audit   '@types/cookie': [ '0.6.0' ],
37 silly audit   '@types/node': [ '22.19.17' ],
37 silly audit   '@types/react': [ '19.2.14' ],
37 silly audit   ajv: [ '8.18.0' ],
37 silly audit   'any-promise': [ '1.3.0' ],
37 silly audit   anymatch: [ '3.1.3' ],
37 silly audit   arg: [ '5.0.2' ],
37 silly audit   autoprefixer: [ '10.5.0' ],
37 silly audit   'aws-ssl-profiles': [ '1.1.2' ],
37 silly audit   'baseline-browser-mapping': [ '2.10.19' ],
37 silly audit   bcryptjs: [ '3.0.3' ],
37 silly audit   'better-result': [ '2.8.2' ],
37 silly audit   'binary-extensions': [ '2.3.0' ],
37 silly audit   braces: [ '3.0.3' ],
37 silly audit   browserslist: [ '4.28.2' ],
37 silly audit   c12: [ '3.1.0' ],
37 silly audit   chokidar: [ '4.0.3', '3.6.0' ],
37 silly audit   jiti: [ '2.6.1', '1.21.7' ],
37 silly audit   readdirp: [ '4.1.2', '3.6.0' ],
37 silly audit   'camelcase-css': [ '2.0.1' ],
37 silly audit   'caniuse-lite': [ '1.0.30001788' ],
37 silly audit   'chart.js': [ '4.5.1' ],
37 silly audit   'glob-parent': [ '5.1.2', '6.0.2' ],
37 silly audit   citty: [ '0.1.6', '0.2.2' ],
37 silly audit   'client-only': [ '0.0.1' ],
37 silly audit   clsx: [ '2.1.1' ],
37 silly audit   commander: [ '4.1.1' ],
37 silly audit   confbox: [ '0.2.4' ],
37 silly audit   consola: [ '3.4.2' ],
37 silly audit   'cross-spawn': [ '7.0.6' ],
37 silly audit   cssesc: [ '3.0.0' ],
37 silly audit   csstype: [ '3.2.3' ],
37 silly audit   'deepmerge-ts': [ '7.1.5' ],
37 silly audit   defu: [ '6.1.7' ],
37 silly audit   denque: [ '2.1.0' ],
37 silly audit   destr: [ '2.0.5' ],
37 silly audit   'detect-libc': [ '2.1.2' ],
37 silly audit   didyoumean: [ '1.2.2' ],
37 silly audit   dlv: [ '1.1.3' ],
37 silly audit   dotenv: [ '16.6.1' ],
37 silly audit   effect: [ '3.20.0' ],
37 silly audit   'electron-to-chromium': [ '1.5.336' ],
37 silly audit   empathic: [ '2.0.0' ],
37 silly audit   'env-paths': [ '3.0.0' ],
37 silly audit   'es-errors': [ '1.3.0' ],
37 silly audit   escalade: [ '3.2.0' ],
37 silly audit   exsolve: [ '1.0.8' ],
37 silly audit   'fast-check': [ '3.23.2' ],
37 silly audit   'fast-deep-equal': [ '3.1.3' ],
37 silly audit   'fast-glob': [ '3.3.3' ],
37 silly audit   'fast-uri': [ '3.1.0' ],
37 silly audit   fastq: [ '1.20.1' ],
37 silly audit   'fill-range': [ '7.1.1' ],
37 silly audit   'foreground-child': [ '3.3.1' ],
37 silly audit   'fraction.js': [ '5.3.4' ],
37 silly audit   fsevents: [ '2.3.3' ],
37 silly audit   'function-bind': [ '1.1.2' ],
37 silly audit   'generate-function': [ '2.3.1' ],
37 silly audit   'get-port-please': [ '3.2.0' ],
37 silly audit   giget: [ '2.0.0' ],
37 silly audit   'graceful-fs': [ '4.2.11' ],
37 silly audit   grammex: [ '3.1.12' ],
37 silly audit   graphmatch: [ '1.1.1' ],
37 silly audit   hasown: [ '2.0.2' ],
37 silly audit   hono: [ '4.12.12' ],
37 silly audit   'http-status-codes': [ '2.3.0' ],
37 silly audit   'iconv-lite': [ '0.7.2' ],
37 silly audit   'is-binary-path': [ '2.1.0' ],
37 silly audit   'is-core-module': [ '2.16.1' ],
37 silly audit   'is-extglob': [ '2.1.1' ],
37 silly audit   'is-glob': [ '4.0.3' ],
37 silly audit   'is-number': [ '7.0.0' ],
37 silly audit   'is-property': [ '1.0.2' ],
37 silly audit   isexe: [ '2.0.0' ],
37 silly audit   'json-schema-traverse': [ '1.0.0' ],
37 silly audit   lilconfig: [ '3.1.3' ],
37 silly audit   'lines-and-columns': [ '1.2.4' ],
37 silly audit   long: [ '5.3.2' ],
37 silly audit   'lru-cache': [ '6.0.0' ],
37 silly audit   'lru.min': [ '1.1.4' ],
37 silly audit   'lucide-react': [ '0.468.0' ],
37 silly audit   merge2: [ '1.4.1' ],
37 silly audit   micromatch: [ '4.0.8' ],
37 silly audit   mysql2: [ '3.15.3' ],
37 silly audit   mz: [ '2.7.0' ],
37 silly audit   'named-placeholders': [ '1.1.6' ],
37 silly audit   nanoid: [ '3.3.11' ],
37 silly audit   next: [ '15.5.15' ],
37 silly audit   'next-auth': [ '4.24.13' ],
37 silly audit   postcss: [ '8.4.31', '8.5.9' ],
37 silly audit   'node-fetch-native': [ '1.6.7' ],
37 silly audit   'node-releases': [ '2.0.37' ],
37 silly audit   'normalize-path': [ '3.0.0' ],
37 silly audit   nypm: [ '0.6.5' ],
37 silly audit   oauth: [ '0.9.15' ],
37 silly audit   'object-assign': [ '4.1.1' ],
37 silly audit   'object-hash': [ '3.0.0', '2.2.0' ],
37 silly audit   ohash: [ '2.0.11' ],
37 silly audit   'oidc-token-hash': [ '5.2.0' ],
37 silly audit   'openid-client': [ '5.7.1' ],
37 silly audit   'path-key': [ '3.1.1' ],
37 silly audit   'path-parse': [ '1.0.7' ],
37 silly audit   pathe: [ '2.0.3' ],
37 silly audit   'perfect-debounce': [ '1.0.0' ],
37 silly audit   picocolors: [ '1.1.1' ],
37 silly audit   picomatch: [ '2.3.2', '4.0.4' ],
37 silly audit   pify: [ '2.3.0' ],
37 silly audit   pirates: [ '4.0.7' ],
37 silly audit   'pkg-types': [ '2.3.0' ],
37 silly audit   'postcss-import': [ '15.1.0' ],
37 silly audit   'postcss-js': [ '4.1.0' ],
37 silly audit   'postcss-load-config': [ '6.0.1' ],
37 silly audit   'postcss-nested': [ '6.2.0' ],
37 silly audit   'postcss-selector-parser': [ '6.1.2' ],
37 silly audit   'postcss-value-parser': [ '4.2.0' ],
37 silly audit   postgres: [ '3.4.7' ],
37 silly audit   'pretty-format': [ '3.8.0' ],
37 silly audit   prisma: [ '7.7.0' ],
37 silly audit   'proper-lockfile': [ '4.1.2' ],
37 silly audit   'signal-exit': [ '3.0.7', '4.1.0' ],
37 silly audit   'pure-rand': [ '6.1.0' ],
37 silly audit   'queue-microtask': [ '1.2.3' ],
37 silly audit   rc9: [ '2.1.2' ],
37 silly audit   react: [ '19.2.5' ],
37 silly audit   'react-dom': [ '19.2.5' ],
37 silly audit   'read-cache': [ '1.0.0' ],
37 silly audit   remeda: [ '2.33.4' ],
37 silly audit   'require-from-string': [ '2.0.2' ],
37 silly audit   resolve: [ '1.22.12' ],
37 silly audit   retry: [ '0.12.0' ],
37 silly audit   reusify: [ '1.1.0' ],
37 silly audit   'run-parallel': [ '1.2.0' ],
37 silly audit   'safer-buffer': [ '2.1.2' ],
37 silly audit   scheduler: [ '0.27.0' ],
37 silly audit   semver: [ '7.7.4' ],
37 silly audit   'seq-queue': [ '0.0.5' ],
37 silly audit   sharp: [ '0.34.5' ],
37 silly audit   'shebang-command': [ '2.0.0' ],
37 silly audit   'shebang-regex': [ '3.0.0' ],
37 silly audit   'source-map-js': [ '1.2.1' ],
37 silly audit   sqlstring: [ '2.3.3' ],
37 silly audit   'std-env': [ '3.10.0' ],
37 silly audit   'styled-jsx': [ '5.1.6' ],
37 silly audit   sucrase: [ '3.35.1' ],
37 silly audit   'supports-preserve-symlinks-flag': [ '1.0.0' ],
37 silly audit   tailwindcss: [ '3.4.19' ],
37 silly audit   thenify: [ '3.3.1' ],
37 silly audit   'thenify-all': [ '1.6.0' ],
37 silly audit   tinyexec: [ '1.1.1' ],
37 silly audit   tinyglobby: [ '0.2.16' ],
37 silly audit   fdir: [ '6.5.0' ],
37 silly audit   'to-regex-range': [ '5.0.1' ],
37 silly audit   'ts-interface-checker': [ '0.1.13' ],
37 silly audit   tslib: [ '2.8.1' ],
37 silly audit   typescript: [ '5.9.3' ],
37 silly audit   'undici-types': [ '6.21.0' ],
37 silly audit   'update-browserslist-db': [ '1.2.3' ],
37 silly audit   'util-deprecate': [ '1.0.2' ],
37 silly audit   uuid: [ '8.3.2' ],
37 silly audit   valibot: [ '1.2.0' ],
37 silly audit   which: [ '2.0.2' ],
37 silly audit   yallist: [ '4.0.0' ],
37 silly audit   zeptomatch: [ '2.1.0' ],
37 silly audit   '@auth/prisma-adapter': [ '2.11.2' ]
37 silly audit }
38 verbose reify failed optional dependency /data/projects/13f06e1d-690a-4876-96e6-ef7eca9c296e/node_modules/fsevents
39 silly reify mark deleted [
39 silly reify   '/data/projects/13f06e1d-690a-4876-96e6-ef7eca9c296e/node_modules/fsevents'
39 silly reify ]
40 verbose reify failed optional dependency /data/projects/13f06e1d-690a-4876-96e6-ef7eca9c296e/node_modules/@next/swc-win32-x64-msvc
41 silly reify mark deleted [
41 silly reify   '/data/projects/13f06e1d-690a-4876-96e6-ef7eca9c296e/node_modules/@next/swc-win32-x64-msvc'
41 silly reify ]
42 verbose reify failed optional dependency /data/projects/13f06e1d-690a-4876-96e6-ef7eca9c296e/node_modules/@next/swc-win32-arm64-msvc
43 silly reify mark deleted [
43 silly reify   '/data/projects/13f06e1d-690a-4876-96e6-ef7eca9c296e/node_modules/@next/swc-win32-arm64-msvc'
43 silly reify ]
44 verbose reify failed optional dependency /data/projects/13f06e1d-690a-4876-96e6-ef7eca9c296e/node_modules/@next/swc-linux-arm64-musl
45 silly reify mark deleted [
45 silly reify   '/data/projects/13f06e1d-690a-4876-96e6-ef7eca9c296e/node_modules/@next/swc-linux-arm64-musl'
45 silly reify ]
46 verbose reify failed optional dependency /data/projects/13f06e1d-690a-4876-96e6-ef7eca9c296e/node_modules/@next/swc-linux-arm64-gnu
47 silly reify mark deleted [
47 silly reify   '/data/projects/13f06e1d-690a-4876-96e6-ef7eca9c296e/node_modules/@next/swc-linux-arm64-gnu'
47 silly reify ]
48 verbose reify failed optional dependency /data/projects/13f06e1d-690a-4876-96e6-ef7eca9c296e/node_modules/@next/swc-darwin-x64
49 silly reify mark deleted [
49 silly reify   '/data/projects/13f06e1d-690a-4876-96e6-ef7eca9c296e/node_modules/@next/swc-darwin-x64'
49 silly reify ]
50 verbose reify failed optional dependency /data/projects/13f06e1d-690a-4876-96e6-ef7eca9c296e/node_modules/@next/swc-darwin-arm64
51 silly reify mark deleted [
51 silly reify   '/data/projects/13f06e1d-690a-4876-96e6-ef7eca9c296e/node_modules/@next/swc-darwin-arm64'
51 silly reify ]
52 verbose reify failed optional dependency /data/projects/13f06e1d-690a-4876-96e6-ef7eca9c296e/node_modules/@img/sharp-win32-x64
53 silly reify mark deleted [
53 silly reify   '/data/projects/13f06e1d-690a-4876-96e6-ef7eca9c296e/node_modules/@img/sharp-win32-x64'
53 silly reify ]
54 verbose reify failed optional dependency /data/projects/13f06e1d-690a-4876-96e6-ef7eca9c296e/node_modules/@img/sharp-win32-ia32
55 silly reify mark deleted [
55 silly reify   '/data/projects/13f06e1d-690a-4876-96e6-ef7eca9c296e/node_modules/@img/sharp-win32-ia32'
55 silly reify ]
56 verbose reify failed optional dependency /data/projects/13f06e1d-690a-4876-96e6-ef7eca9c296e/node_modules/@img/sharp-win32-arm64
57 silly reify mark deleted [
57 silly reify   '/data/projects/13f06e1d-690a-4876-96e6-ef7eca9c296e/node_modules/@img/sharp-win32-arm64'
57 silly reify ]
58 verbose reify failed optional dependency /data/projects/13f06e1d-690a-4876-96e6-ef7eca9c296e/node_modules/@img/sharp-wasm32
59 silly reify mark deleted [
59 silly reify   '/data/projects/13f06e1d-690a-4876-96e6-ef7eca9c296e/node_modules/@img/sharp-wasm32'
59 silly reify ]
60 verbose reify failed optional dependency /data/projects/13f06e1d-690a-4876-96e6-ef7eca9c296e/node_modules/@emnapi/runtime
61 silly reify mark deleted [
61 silly reify   '/data/projects/13f06e1d-690a-4876-96e6-ef7eca9c296e/node_modules/@emnapi/runtime'
61 silly reify ]
62 verbose reify failed optional dependency /data/projects/13f06e1d-690a-4876-96e6-ef7eca9c296e/node_modules/@img/sharp-linuxmusl-arm64
63 silly reify mark deleted [
63 silly reify   '/data/projects/13f06e1d-690a-4876-96e6-ef7eca9c296e/node_modules/@img/sharp-linuxmusl-arm64'
63 silly reify ]
64 verbose reify failed optional dependency /data/projects/13f06e1d-690a-4876-96e6-ef7eca9c296e/node_modules/@img/sharp-linux-s390x
65 silly reify mark deleted [
65 silly reify   '/data/projects/13f06e1d-690a-4876-96e6-ef7eca9c296e/node_modules/@img/sharp-linux-s390x'
65 silly reify ]
66 verbose reify failed optional dependency /data/projects/13f06e1d-690a-4876-96e6-ef7eca9c296e/node_modules/@img/sharp-linux-riscv64
67 silly reify mark deleted [
67 silly reify   '/data/projects/13f06e1d-690a-4876-96e6-ef7eca9c296e/node_modules/@img/sharp-linux-riscv64'
67 silly reify ]
68 verbose reify failed optional dependency /data/projects/13f06e1d-690a-4876-96e6-ef7eca9c296e/node_modules/@img/sharp-linux-ppc64
69 silly reify mark deleted [
69 silly reify   '/data/projects/13f06e1d-690a-4876-96e6-ef7eca9c296e/node_modules/@img/sharp-linux-ppc64'
69 silly reify ]
70 verbose reify failed optional dependency /data/projects/13f06e1d-690a-4876-96e6-ef7eca9c296e/node_modules/@img/sharp-linux-arm64
71 silly reify mark deleted [
71 silly reify   '/data/projects/13f06e1d-690a-4876-96e6-ef7eca9c296e/node_modules/@img/sharp-linux-arm64'
71 silly reify ]
72 verbose reify failed optional dependency /data/projects/13f06e1d-690a-4876-96e6-ef7eca9c296e/node_modules/@img/sharp-linux-arm
73 silly reify mark deleted [
73 silly reify   '/data/projects/13f06e1d-690a-4876-96e6-ef7eca9c296e/node_modules/@img/sharp-linux-arm'
73 silly reify ]
74 verbose reify failed optional dependency /data/projects/13f06e1d-690a-4876-96e6-ef7eca9c296e/node_modules/@img/sharp-libvips-linuxmusl-arm64
75 silly reify mark deleted [
75 silly reify   '/data/projects/13f06e1d-690a-4876-96e6-ef7eca9c296e/node_modules/@img/sharp-libvips-linuxmusl-arm64'
75 silly reify ]
76 verbose reify failed optional dependency /data/projects/13f06e1d-690a-4876-96e6-ef7eca9c296e/node_modules/@img/sharp-libvips-linux-s390x
77 silly reify mark deleted [
77 silly reify   '/data/projects/13f06e1d-690a-4876-96e6-ef7eca9c296e/node_modules/@img/sharp-libvips-linux-s390x'
77 silly reify ]
78 verbose reify failed optional dependency /data/projects/13f06e1d-690a-4876-96e6-ef7eca9c296e/node_modules/@img/sharp-libvips-linux-riscv64
79 silly reify mark deleted [
79 silly reify   '/data/projects/13f06e1d-690a-4876-96e6-ef7eca9c296e/node_modules/@img/sharp-libvips-linux-riscv64'
79 silly reify ]
80 verbose reify failed optional dependency /data/projects/13f06e1d-690a-4876-96e6-ef7eca9c296e/node_modules/@img/sharp-libvips-linux-ppc64
81 silly reify mark deleted [
81 silly reify   '/data/projects/13f06e1d-690a-4876-96e6-ef7eca9c296e/node_modules/@img/sharp-libvips-linux-ppc64'
81 silly reify ]
82 verbose reify failed optional dependency /data/projects/13f06e1d-690a-4876-96e6-ef7eca9c296e/node_modules/@img/sharp-libvips-linux-arm64
83 silly reify mark deleted [
83 silly reify   '/data/projects/13f06e1d-690a-4876-96e6-ef7eca9c296e/node_modules/@img/sharp-libvips-linux-arm64'
83 silly reify ]
84 verbose reify failed optional dependency /data/projects/13f06e1d-690a-4876-96e6-ef7eca9c296e/node_modules/@img/sharp-libvips-linux-arm
85 silly reify mark deleted [
85 silly reify   '/data/projects/13f06e1d-690a-4876-96e6-ef7eca9c296e/node_modules/@img/sharp-libvips-linux-arm'
85 silly reify ]
86 verbose reify failed optional dependency /data/projects/13f06e1d-690a-4876-96e6-ef7eca9c296e/node_modules/@img/sharp-libvips-darwin-x64
87 silly reify mark deleted [
87 silly reify   '/data/projects/13f06e1d-690a-4876-96e6-ef7eca9c296e/node_modules/@img/sharp-libvips-darwin-x64'
87 silly reify ]
88 verbose reify failed optional dependency /data/projects/13f06e1d-690a-4876-96e6-ef7eca9c296e/node_modules/@img/sharp-libvips-darwin-arm64
89 silly reify mark deleted [
89 silly reify   '/data/projects/13f06e1d-690a-4876-96e6-ef7eca9c296e/node_modules/@img/sharp-libvips-darwin-arm64'
89 silly reify ]
90 verbose reify failed optional dependency /data/projects/13f06e1d-690a-4876-96e6-ef7eca9c296e/node_modules/@img/sharp-darwin-x64
91 silly reify mark deleted [
91 silly reify   '/data/projects/13f06e1d-690a-4876-96e6-ef7eca9c296e/node_modules/@img/sharp-darwin-x64'
91 silly reify ]
92 verbose reify failed optional dependency /data/projects/13f06e1d-690a-4876-96e6-ef7eca9c296e/node_modules/@img/sharp-darwin-arm64
93 silly reify mark deleted [
93 silly reify   '/data/projects/13f06e1d-690a-4876-96e6-ef7eca9c296e/node_modules/@img/sharp-darwin-arm64'
93 silly reify ]
94 http fetch POST 200 https://registry.npmjs.org/-/npm/v1/security/advisories/bulk 535ms
95 silly audit report {
95 silly audit report   cookie: [
95 silly audit report     {
95 silly audit report       id: 1103907,
95 silly audit report       url: 'https://github.com/advisories/GHSA-pxg6-pf52-xh8x',
95 silly audit report       title: 'cookie accepts cookie name, path, and domain with out of bounds characters',
95 silly audit report       severity: 'low',
95 silly audit report       vulnerable_versions: '<0.7.0',
95 silly audit report       cwe: [Array],
95 silly audit report       cvss: [Object]
95 silly audit report     }
95 silly audit report   ],
95 silly audit report   '@hono/node-server': [
95 silly audit report     {
95 silly audit report       id: 1116281,
95 silly audit report       url: 'https://github.com/advisories/GHSA-92pp-h63x-v22m',
95 silly audit report       title: '@hono/node-server: Middleware bypass via repeated slashes in serveStatic',
95 silly audit report       severity: 'moderate',
95 silly audit report       vulnerable_versions: '<1.19.13',
95 silly audit report       cwe: [Array],
95 silly audit report       cvss: [Object]
95 silly audit report     }
95 silly audit report   ]
95 silly audit report }
96 silly packumentCache corgi:https://registry.npmjs.org/cookie cache-miss
97 silly packumentCache corgi:https://registry.npmjs.org/@hono%2fnode-server cache-miss
98 http fetch GET 200 https://registry.npmjs.org/cookie 109ms (cache hit)
99 silly packumentCache corgi:https://registry.npmjs.org/cookie set size:23677 disposed:false
100 http fetch GET 200 https://registry.npmjs.org/@hono%2fnode-server 111ms (cache hit)
101 silly packumentCache corgi:https://registry.npmjs.org/@hono%2fnode-server set size:85395 disposed:false
102 silly packumentCache corgi:https://registry.npmjs.org/@auth%2fcore cache-miss
103 http fetch GET 200 https://registry.npmjs.org/@auth%2fcore 15ms (cache hit)
104 silly packumentCache corgi:https://registry.npmjs.org/@auth%2fcore set size:153120 disposed:false
105 silly packumentCache corgi:https://registry.npmjs.org/@prisma%2fdev cache-miss
106 http fetch GET 200 https://registry.npmjs.org/@prisma%2fdev 20ms (cache hit)
107 silly packumentCache corgi:https://registry.npmjs.org/@prisma%2fdev set size:959256 disposed:false
108 silly packumentCache corgi:https://registry.npmjs.org/next-auth cache-miss
109 http fetch GET 200 https://registry.npmjs.org/next-auth 27ms (cache hit)
110 silly packumentCache corgi:https://registry.npmjs.org/next-auth set size:1811103 disposed:false
111 silly packumentCache corgi:https://registry.npmjs.org/prisma cache-miss
112 http fetch GET 200 https://registry.npmjs.org/prisma 208ms (cache hit)
113 silly packumentCache corgi:https://registry.npmjs.org/prisma set size:22782867 disposed:false
114 silly packumentCache corgi:https://registry.npmjs.org/@prisma%2fclient cache-miss
115 http fetch GET 200 https://registry.npmjs.org/@prisma%2fclient 773ms (cache hit)
116 silly packumentCache corgi:https://registry.npmjs.org/@prisma%2fclient set size:37761997 disposed:false
117 silly ADD
118 silly ADD
119 silly ADD
120 silly ADD
121 silly ADD
122 silly ADD
123 silly ADD
124 silly ADD
125 silly ADD
126 silly ADD
127 silly ADD
128 silly ADD
129 silly ADD
130 silly ADD
131 silly ADD
132 silly ADD
133 silly ADD
134 silly ADD
135 silly ADD
136 silly ADD
137 silly ADD
138 silly ADD
139 silly ADD
140 silly ADD
141 silly ADD
142 silly ADD
143 silly ADD
144 silly ADD
145 verbose cwd /data/projects/13f06e1d-690a-4876-96e6-ef7eca9c296e
146 verbose os Linux 6.6.87.2-microsoft-standard-WSL2
147 verbose node v20.20.2
148 verbose npm  v10.8.2
149 verbose exit 0
150 info ok
